=> Booting WEBrick
=> Rails 3.1.3 application starting in production on http://0.0.0.0:3000
=> Call with -d to detach
=> Ctrl-C to shutdown server
ActionDispatch::Reloader.to_cleanup(&#<Proc:0x007fd9661213e8@/Users/akima/workspace/rails/railties/lib/rails/application/bootstrap.rb:55>)
  /Users/akima/workspace/rails/railties/lib/rails/application/bootstrap.rb:55:in `block in <module:Bootstrap>'
  /Users/akima/workspace/rails/railties/lib/rails/initializable.rb:30:in `instance_exec'
  /Users/akima/workspace/rails/railties/lib/rails/initializable.rb:30:in `run'
  /Users/akima/workspace/rails/railties/lib/rails/initializable.rb:55:in `block in run_initializers'
  /Users/akima/workspace/rails/railties/lib/rails/initializable.rb:54:in `each'
  /Users/akima/workspace/rails/railties/lib/rails/initializable.rb:54:in `run_initializers'
  /Users/akima/workspace/rails/railties/lib/rails/application.rb:96:in `initialize!'
  /Users/akima/workspace/rails/railties/lib/rails/railtie/configurable.rb:30:in `method_missing'
  /Users/akima/workspace/rails3_20120112/config/environment.rb:5:in `<top (required)>'
  /Users/akima/workspace/rails3_20120112/config.ru:4:in `require'
  /Users/akima/workspace/rails3_20120112/config.ru:4:in `block in <main>'
  /Users/akima/.rvm/gems/ruby-1.9.2-head/gems/rack-1.3.6/lib/rack/builder.rb:51:in `instance_eval'
  /Users/akima/.rvm/gems/ruby-1.9.2-head/gems/rack-1.3.6/lib/rack/builder.rb:51:in `initialize'
  /Users/akima/workspace/rails3_20120112/config.ru:1:in `new'
  /Users/akima/workspace/rails3_20120112/config.ru:1:in `<main>'
  /Users/akima/.rvm/gems/ruby-1.9.2-head/gems/rack-1.3.6/lib/rack/builder.rb:40:in `eval'
  /Users/akima/.rvm/gems/ruby-1.9.2-head/gems/rack-1.3.6/lib/rack/builder.rb:40:in `parse_file'
  /Users/akima/.rvm/gems/ruby-1.9.2-head/gems/rack-1.3.6/lib/rack/server.rb:200:in `app'
  /Users/akima/workspace/rails/railties/lib/rails/commands/server.rb:46:in `app'
  /Users/akima/.rvm/gems/ruby-1.9.2-head/gems/rack-1.3.6/lib/rack/server.rb:301:in `wrapped_app'
  /Users/akima/.rvm/gems/ruby-1.9.2-head/gems/rack-1.3.6/lib/rack/server.rb:252:in `start'
  /Users/akima/workspace/rails/railties/lib/rails/commands/server.rb:70:in `start'
  /Users/akima/workspace/rails/railties/lib/rails/commands.rb:54:in `block in <top (required)>'
  /Users/akima/workspace/rails/railties/lib/rails/commands.rb:49:in `tap'
  /Users/akima/workspace/rails/railties/lib/rails/commands.rb:49:in `<top (required)>'
  script/rails:6:in `require'
  script/rails:6:in `<main>'
ActionDispatch::Reloader.to_prepare(&#<Proc:0x007fd9660d2658@/Users/akima/workspace/rails/activesupport/lib/active_support/i18n_railtie.rb:21>)
  /Users/akima/workspace/rails/activesupport/lib/active_support/i18n_railtie.rb:21:in `block in <class:Railtie>'
  /Users/akima/workspace/rails/railties/lib/rails/initializable.rb:30:in `instance_exec'
  /Users/akima/workspace/rails/railties/lib/rails/initializable.rb:30:in `run'
  /Users/akima/workspace/rails/railties/lib/rails/initializable.rb:55:in `block in run_initializers'
  /Users/akima/workspace/rails/railties/lib/rails/initializable.rb:54:in `each'
  /Users/akima/workspace/rails/railties/lib/rails/initializable.rb:54:in `run_initializers'
  /Users/akima/workspace/rails/railties/lib/rails/application.rb:96:in `initialize!'
  /Users/akima/workspace/rails/railties/lib/rails/railtie/configurable.rb:30:in `method_missing'
  /Users/akima/workspace/rails3_20120112/config/environment.rb:5:in `<top (required)>'
  /Users/akima/workspace/rails3_20120112/config.ru:4:in `require'
  /Users/akima/workspace/rails3_20120112/config.ru:4:in `block in <main>'
  /Users/akima/.rvm/gems/ruby-1.9.2-head/gems/rack-1.3.6/lib/rack/builder.rb:51:in `instance_eval'
  /Users/akima/.rvm/gems/ruby-1.9.2-head/gems/rack-1.3.6/lib/rack/builder.rb:51:in `initialize'
  /Users/akima/workspace/rails3_20120112/config.ru:1:in `new'
  /Users/akima/workspace/rails3_20120112/config.ru:1:in `<main>'
  /Users/akima/.rvm/gems/ruby-1.9.2-head/gems/rack-1.3.6/lib/rack/builder.rb:40:in `eval'
  /Users/akima/.rvm/gems/ruby-1.9.2-head/gems/rack-1.3.6/lib/rack/builder.rb:40:in `parse_file'
  /Users/akima/.rvm/gems/ruby-1.9.2-head/gems/rack-1.3.6/lib/rack/server.rb:200:in `app'
  /Users/akima/workspace/rails/railties/lib/rails/commands/server.rb:46:in `app'
  /Users/akima/.rvm/gems/ruby-1.9.2-head/gems/rack-1.3.6/lib/rack/server.rb:301:in `wrapped_app'
  /Users/akima/.rvm/gems/ruby-1.9.2-head/gems/rack-1.3.6/lib/rack/server.rb:252:in `start'
  /Users/akima/workspace/rails/railties/lib/rails/commands/server.rb:70:in `start'
  /Users/akima/workspace/rails/railties/lib/rails/commands.rb:54:in `block in <top (required)>'
  /Users/akima/workspace/rails/railties/lib/rails/commands.rb:49:in `tap'
  /Users/akima/workspace/rails/railties/lib/rails/commands.rb:49:in `<top (required)>'
  script/rails:6:in `require'
  script/rails:6:in `<main>'
ActionDispatch::Reloader.prepare!
  /Users/akima/workspace/rails/railties/lib/rails/application/finisher.rb:41:in `block in <module:Finisher>'
  /Users/akima/workspace/rails/railties/lib/rails/initializable.rb:30:in `instance_exec'
  /Users/akima/workspace/rails/railties/lib/rails/initializable.rb:30:in `run'
  /Users/akima/workspace/rails/railties/lib/rails/initializable.rb:55:in `block in run_initializers'
  /Users/akima/workspace/rails/railties/lib/rails/initializable.rb:54:in `each'
  /Users/akima/workspace/rails/railties/lib/rails/initializable.rb:54:in `run_initializers'
  /Users/akima/workspace/rails/railties/lib/rails/application.rb:96:in `initialize!'
  /Users/akima/workspace/rails/railties/lib/rails/railtie/configurable.rb:30:in `method_missing'
  /Users/akima/workspace/rails3_20120112/config/environment.rb:5:in `<top (required)>'
  /Users/akima/workspace/rails3_20120112/config.ru:4:in `require'
  /Users/akima/workspace/rails3_20120112/config.ru:4:in `block in <main>'
  /Users/akima/.rvm/gems/ruby-1.9.2-head/gems/rack-1.3.6/lib/rack/builder.rb:51:in `instance_eval'
  /Users/akima/.rvm/gems/ruby-1.9.2-head/gems/rack-1.3.6/lib/rack/builder.rb:51:in `initialize'
  /Users/akima/workspace/rails3_20120112/config.ru:1:in `new'
  /Users/akima/workspace/rails3_20120112/config.ru:1:in `<main>'
  /Users/akima/.rvm/gems/ruby-1.9.2-head/gems/rack-1.3.6/lib/rack/builder.rb:40:in `eval'
  /Users/akima/.rvm/gems/ruby-1.9.2-head/gems/rack-1.3.6/lib/rack/builder.rb:40:in `parse_file'
  /Users/akima/.rvm/gems/ruby-1.9.2-head/gems/rack-1.3.6/lib/rack/server.rb:200:in `app'
  /Users/akima/workspace/rails/railties/lib/rails/commands/server.rb:46:in `app'
  /Users/akima/.rvm/gems/ruby-1.9.2-head/gems/rack-1.3.6/lib/rack/server.rb:301:in `wrapped_app'
  /Users/akima/.rvm/gems/ruby-1.9.2-head/gems/rack-1.3.6/lib/rack/server.rb:252:in `start'
  /Users/akima/workspace/rails/railties/lib/rails/commands/server.rb:70:in `start'
  /Users/akima/workspace/rails/railties/lib/rails/commands.rb:54:in `block in <top (required)>'
  /Users/akima/workspace/rails/railties/lib/rails/commands.rb:49:in `tap'
  /Users/akima/workspace/rails/railties/lib/rails/commands.rb:49:in `<top (required)>'
  script/rails:6:in `require'
  script/rails:6:in `<main>'
ActionDispatch::Reloader#initialize(nil)
  /Users/akima/workspace/rails/actionpack/lib/action_dispatch/middleware/reloader.rb:49:in `new'
  /Users/akima/workspace/rails/actionpack/lib/action_dispatch/middleware/reloader.rb:49:in `prepare!'
  /Users/akima/workspace/rails/railties/lib/rails/application/finisher.rb:41:in `block in <module:Finisher>'
  /Users/akima/workspace/rails/railties/lib/rails/initializable.rb:30:in `instance_exec'
  /Users/akima/workspace/rails/railties/lib/rails/initializable.rb:30:in `run'
  /Users/akima/workspace/rails/railties/lib/rails/initializable.rb:55:in `block in run_initializers'
  /Users/akima/workspace/rails/railties/lib/rails/initializable.rb:54:in `each'
  /Users/akima/workspace/rails/railties/lib/rails/initializable.rb:54:in `run_initializers'
  /Users/akima/workspace/rails/railties/lib/rails/application.rb:96:in `initialize!'
  /Users/akima/workspace/rails/railties/lib/rails/railtie/configurable.rb:30:in `method_missing'
  /Users/akima/workspace/rails3_20120112/config/environment.rb:5:in `<top (required)>'
  /Users/akima/workspace/rails3_20120112/config.ru:4:in `require'
  /Users/akima/workspace/rails3_20120112/config.ru:4:in `block in <main>'
  /Users/akima/.rvm/gems/ruby-1.9.2-head/gems/rack-1.3.6/lib/rack/builder.rb:51:in `instance_eval'
  /Users/akima/.rvm/gems/ruby-1.9.2-head/gems/rack-1.3.6/lib/rack/builder.rb:51:in `initialize'
  /Users/akima/workspace/rails3_20120112/config.ru:1:in `new'
  /Users/akima/workspace/rails3_20120112/config.ru:1:in `<main>'
  /Users/akima/.rvm/gems/ruby-1.9.2-head/gems/rack-1.3.6/lib/rack/builder.rb:40:in `eval'
  /Users/akima/.rvm/gems/ruby-1.9.2-head/gems/rack-1.3.6/lib/rack/builder.rb:40:in `parse_file'
  /Users/akima/.rvm/gems/ruby-1.9.2-head/gems/rack-1.3.6/lib/rack/server.rb:200:in `app'
  /Users/akima/workspace/rails/railties/lib/rails/commands/server.rb:46:in `app'
  /Users/akima/.rvm/gems/ruby-1.9.2-head/gems/rack-1.3.6/lib/rack/server.rb:301:in `wrapped_app'
  /Users/akima/.rvm/gems/ruby-1.9.2-head/gems/rack-1.3.6/lib/rack/server.rb:252:in `start'
  /Users/akima/workspace/rails/railties/lib/rails/commands/server.rb:70:in `start'
  /Users/akima/workspace/rails/railties/lib/rails/commands.rb:54:in `block in <top (required)>'
  /Users/akima/workspace/rails/railties/lib/rails/commands.rb:49:in `tap'
  /Users/akima/workspace/rails/railties/lib/rails/commands.rb:49:in `<top (required)>'
  script/rails:6:in `require'
  script/rails:6:in `<main>'
ActionDispatch::Reloader.to_prepare(&#<Proc:0x007fd963b73830@/Users/akima/workspace/rails/railties/lib/rails/application/finisher.rb:63 (lambda)>)
  /Users/akima/workspace/rails/railties/lib/rails/application/finisher.rb:65:in `block in <module:Finisher>'
  /Users/akima/workspace/rails/railties/lib/rails/initializable.rb:30:in `instance_exec'
  /Users/akima/workspace/rails/railties/lib/rails/initializable.rb:30:in `run'
  /Users/akima/workspace/rails/railties/lib/rails/initializable.rb:55:in `block in run_initializers'
  /Users/akima/workspace/rails/railties/lib/rails/initializable.rb:54:in `each'
  /Users/akima/workspace/rails/railties/lib/rails/initializable.rb:54:in `run_initializers'
  /Users/akima/workspace/rails/railties/lib/rails/application.rb:96:in `initialize!'
  /Users/akima/workspace/rails/railties/lib/rails/railtie/configurable.rb:30:in `method_missing'
  /Users/akima/workspace/rails3_20120112/config/environment.rb:5:in `<top (required)>'
  /Users/akima/workspace/rails3_20120112/config.ru:4:in `require'
  /Users/akima/workspace/rails3_20120112/config.ru:4:in `block in <main>'
  /Users/akima/.rvm/gems/ruby-1.9.2-head/gems/rack-1.3.6/lib/rack/builder.rb:51:in `instance_eval'
  /Users/akima/.rvm/gems/ruby-1.9.2-head/gems/rack-1.3.6/lib/rack/builder.rb:51:in `initialize'
  /Users/akima/workspace/rails3_20120112/config.ru:1:in `new'
  /Users/akima/workspace/rails3_20120112/config.ru:1:in `<main>'
  /Users/akima/.rvm/gems/ruby-1.9.2-head/gems/rack-1.3.6/lib/rack/builder.rb:40:in `eval'
  /Users/akima/.rvm/gems/ruby-1.9.2-head/gems/rack-1.3.6/lib/rack/builder.rb:40:in `parse_file'
  /Users/akima/.rvm/gems/ruby-1.9.2-head/gems/rack-1.3.6/lib/rack/server.rb:200:in `app'
  /Users/akima/workspace/rails/railties/lib/rails/commands/server.rb:46:in `app'
  /Users/akima/.rvm/gems/ruby-1.9.2-head/gems/rack-1.3.6/lib/rack/server.rb:301:in `wrapped_app'
  /Users/akima/.rvm/gems/ruby-1.9.2-head/gems/rack-1.3.6/lib/rack/server.rb:252:in `start'
  /Users/akima/workspace/rails/railties/lib/rails/commands/server.rb:70:in `start'
  /Users/akima/workspace/rails/railties/lib/rails/commands.rb:54:in `block in <top (required)>'
  /Users/akima/workspace/rails/railties/lib/rails/commands.rb:49:in `tap'
  /Users/akima/workspace/rails/railties/lib/rails/commands.rb:49:in `<top (required)>'
  script/rails:6:in `require'
  script/rails:6:in `<main>'
ActionDispatch::Reloader.to_cleanup(&#<Proc:0x007fd968bd5558@/Users/akima/workspace/rails/activerecord/lib/active_record/railtie.rb:83>)
  /Users/akima/workspace/rails/activerecord/lib/active_record/railtie.rb:83:in `block (2 levels) in <class:Railtie>'
  /Users/akima/workspace/rails/activesupport/lib/active_support/lazy_load_hooks.rb:36:in `instance_eval'
  /Users/akima/workspace/rails/activesupport/lib/active_support/lazy_load_hooks.rb:36:in `execute_hook'
  /Users/akima/workspace/rails/activesupport/lib/active_support/lazy_load_hooks.rb:43:in `block in run_load_hooks'
  /Users/akima/workspace/rails/activesupport/lib/active_support/lazy_load_hooks.rb:42:in `each'
  /Users/akima/workspace/rails/activesupport/lib/active_support/lazy_load_hooks.rb:42:in `run_load_hooks'
  /Users/akima/workspace/rails/activerecord/lib/active_record/base.rb:2188:in `<top (required)>'
  /Users/akima/workspace/rails/activerecord/lib/active_record/query_cache.rb:61:in `call'
  /Users/akima/workspace/rails/activerecord/lib/active_record/connection_adapters/abstract/connection_pool.rb:477:in `call'
  /Users/akima/workspace/rails/actionpack/lib/action_dispatch/middleware/callbacks.rb:29:in `block in call'
  /Users/akima/workspace/rails/activesupport/lib/active_support/callbacks.rb:392:in `_run_call_callbacks'
  /Users/akima/workspace/rails/activesupport/lib/active_support/callbacks.rb:81:in `run_callbacks'
  /Users/akima/workspace/rails/actionpack/lib/action_dispatch/middleware/callbacks.rb:28:in `call'
  /Users/akima/.rvm/gems/ruby-1.9.2-head/gems/rack-1.3.6/lib/rack/sendfile.rb:101:in `call'
  /Users/akima/workspace/rails/actionpack/lib/action_dispatch/middleware/remote_ip.rb:48:in `call'
  /Users/akima/workspace/rails/actionpack/lib/action_dispatch/middleware/show_exceptions.rb:47:in `call'
  /Users/akima/workspace/rails/railties/lib/rails/rack/logger.rb:13:in `call'
  /Users/akima/.rvm/gems/ruby-1.9.2-head/gems/rack-1.3.6/lib/rack/methodoverride.rb:24:in `call'
  /Users/akima/.rvm/gems/ruby-1.9.2-head/gems/rack-1.3.6/lib/rack/runtime.rb:17:in `call'
  /Users/akima/workspace/rails/activesupport/lib/active_support/cache/strategy/local_cache.rb:72:in `call'
  /Users/akima/.rvm/gems/ruby-1.9.2-head/gems/rack-1.3.6/lib/rack/lock.rb:15:in `call'
  /Users/akima/.rvm/gems/ruby-1.9.2-head/gems/rack-cache-1.1/lib/rack/cache/context.rb:132:in `forward'
  /Users/akima/.rvm/gems/ruby-1.9.2-head/gems/rack-cache-1.1/lib/rack/cache/context.rb:241:in `fetch'
  /Users/akima/.rvm/gems/ruby-1.9.2-head/gems/rack-cache-1.1/lib/rack/cache/context.rb:181:in `lookup'
  /Users/akima/.rvm/gems/ruby-1.9.2-head/gems/rack-cache-1.1/lib/rack/cache/context.rb:65:in `call!'
  /Users/akima/.rvm/gems/ruby-1.9.2-head/gems/rack-cache-1.1/lib/rack/cache/context.rb:50:in `call'
  /Users/akima/workspace/rails/railties/lib/rails/engine.rb:456:in `call'
  /Users/akima/workspace/rails/railties/lib/rails/application.rb:143:in `call'
  /Users/akima/.rvm/gems/ruby-1.9.2-head/gems/rack-1.3.6/lib/rack/content_length.rb:14:in `call'
  /Users/akima/workspace/rails/railties/lib/rails/rack/log_tailer.rb:14:in `call'
  /Users/akima/.rvm/gems/ruby-1.9.2-head/gems/rack-1.3.6/lib/rack/handler/webrick.rb:59:in `service'
  /Users/akima/.rvm/rubies/ruby-1.9.2-head/lib/ruby/1.9.1/webrick/httpserver.rb:111:in `service'
  /Users/akima/.rvm/rubies/ruby-1.9.2-head/lib/ruby/1.9.1/webrick/httpserver.rb:70:in `run'
  /Users/akima/.rvm/rubies/ruby-1.9.2-head/lib/ruby/1.9.1/webrick/server.rb:183:in `block in start_thread'
ActionDispatch::Reloader.to_prepare(&#<Proc:0x007fd968c0ac58@/Users/akima/workspace/rails/activerecord/lib/active_record/railtie.rb:94>)
  /Users/akima/workspace/rails/activerecord/lib/active_record/railtie.rb:94:in `block (2 levels) in <class:Railtie>'
  /Users/akima/workspace/rails/activesupport/lib/active_support/lazy_load_hooks.rb:36:in `instance_eval'
  /Users/akima/workspace/rails/activesupport/lib/active_support/lazy_load_hooks.rb:36:in `execute_hook'
  /Users/akima/workspace/rails/activesupport/lib/active_support/lazy_load_hooks.rb:43:in `block in run_load_hooks'
  /Users/akima/workspace/rails/activesupport/lib/active_support/lazy_load_hooks.rb:42:in `each'
  /Users/akima/workspace/rails/activesupport/lib/active_support/lazy_load_hooks.rb:42:in `run_load_hooks'
  /Users/akima/workspace/rails/activerecord/lib/active_record/base.rb:2188:in `<top (required)>'
  /Users/akima/workspace/rails/activerecord/lib/active_record/query_cache.rb:61:in `call'
  /Users/akima/workspace/rails/activerecord/lib/active_record/connection_adapters/abstract/connection_pool.rb:477:in `call'
  /Users/akima/workspace/rails/actionpack/lib/action_dispatch/middleware/callbacks.rb:29:in `block in call'
  /Users/akima/workspace/rails/activesupport/lib/active_support/callbacks.rb:392:in `_run_call_callbacks'
  /Users/akima/workspace/rails/activesupport/lib/active_support/callbacks.rb:81:in `run_callbacks'
  /Users/akima/workspace/rails/actionpack/lib/action_dispatch/middleware/callbacks.rb:28:in `call'
  /Users/akima/.rvm/gems/ruby-1.9.2-head/gems/rack-1.3.6/lib/rack/sendfile.rb:101:in `call'
  /Users/akima/workspace/rails/actionpack/lib/action_dispatch/middleware/remote_ip.rb:48:in `call'
  /Users/akima/workspace/rails/actionpack/lib/action_dispatch/middleware/show_exceptions.rb:47:in `call'
  /Users/akima/workspace/rails/railties/lib/rails/rack/logger.rb:13:in `call'
  /Users/akima/.rvm/gems/ruby-1.9.2-head/gems/rack-1.3.6/lib/rack/methodoverride.rb:24:in `call'
  /Users/akima/.rvm/gems/ruby-1.9.2-head/gems/rack-1.3.6/lib/rack/runtime.rb:17:in `call'
  /Users/akima/workspace/rails/activesupport/lib/active_support/cache/strategy/local_cache.rb:72:in `call'
  /Users/akima/.rvm/gems/ruby-1.9.2-head/gems/rack-1.3.6/lib/rack/lock.rb:15:in `call'
  /Users/akima/.rvm/gems/ruby-1.9.2-head/gems/rack-cache-1.1/lib/rack/cache/context.rb:132:in `forward'
  /Users/akima/.rvm/gems/ruby-1.9.2-head/gems/rack-cache-1.1/lib/rack/cache/context.rb:241:in `fetch'
  /Users/akima/.rvm/gems/ruby-1.9.2-head/gems/rack-cache-1.1/lib/rack/cache/context.rb:181:in `lookup'
  /Users/akima/.rvm/gems/ruby-1.9.2-head/gems/rack-cache-1.1/lib/rack/cache/context.rb:65:in `call!'
  /Users/akima/.rvm/gems/ruby-1.9.2-head/gems/rack-cache-1.1/lib/rack/cache/context.rb:50:in `call'
  /Users/akima/workspace/rails/railties/lib/rails/engine.rb:456:in `call'
  /Users/akima/workspace/rails/railties/lib/rails/application.rb:143:in `call'
  /Users/akima/.rvm/gems/ruby-1.9.2-head/gems/rack-1.3.6/lib/rack/content_length.rb:14:in `call'
  /Users/akima/workspace/rails/railties/lib/rails/rack/log_tailer.rb:14:in `call'
  /Users/akima/.rvm/gems/ruby-1.9.2-head/gems/rack-1.3.6/lib/rack/handler/webrick.rb:59:in `service'
  /Users/akima/.rvm/rubies/ruby-1.9.2-head/lib/ruby/1.9.1/webrick/httpserver.rb:111:in `service'
  /Users/akima/.rvm/rubies/ruby-1.9.2-head/lib/ruby/1.9.1/webrick/httpserver.rb:70:in `run'
  /Users/akima/.rvm/rubies/ruby-1.9.2-head/lib/ruby/1.9.1/webrick/server.rb:183:in `block in start_thread'


Started GET "/tests/foo?idx=1" for 127.0.0.1 at 2012-01-13 09:55:22 +0900
  Processing by TestsController#foo as HTML
  Parameters: {"idx"=>"1"}
Rendered text template (0.0ms)
Completed 200 OK in 17ms (Views: 16.7ms | ActiveRecord: 0.0ms)


Started GET "/tests/foo?idx=2" for 127.0.0.1 at 2012-01-13 09:55:25 +0900
  Processing by TestsController#foo as HTML
  Parameters: {"idx"=>"2"}
Rendered text template (0.0ms)
Completed 200 OK in 0ms (Views: 0.3ms | ActiveRecord: 0.0ms)


Started GET "/tests/foo?idx=3" for 127.0.0.1 at 2012-01-13 09:55:28 +0900
  Processing by TestsController#foo as HTML
  Parameters: {"idx"=>"3"}
Rendered text template (0.0ms)
Completed 200 OK in 0ms (Views: 0.4ms | ActiveRecord: 0.0ms)
Exiting
