=> Booting WEBrick
=> Rails 3.1.3 application starting in development on http://0.0.0.0:3000
=> Call with -d to detach
=> Ctrl-C to shutdown server
ActionDispatch::Reloader.to_cleanup(&#<Proc:0x007fca3b3844f8@/Users/akima/workspace/rails/railties/lib/rails/application/bootstrap.rb:55>)
  /Users/akima/workspace/rails/railties/lib/rails/application/bootstrap.rb:55:in `block in <module:Bootstrap>'
  /Users/akima/workspace/rails/railties/lib/rails/initializable.rb:30:in `instance_exec'
  /Users/akima/workspace/rails/railties/lib/rails/initializable.rb:30:in `run'
  /Users/akima/workspace/rails/railties/lib/rails/initializable.rb:55:in `block in run_initializers'
  /Users/akima/workspace/rails/railties/lib/rails/initializable.rb:54:in `each'
  /Users/akima/workspace/rails/railties/lib/rails/initializable.rb:54:in `run_initializers'
  /Users/akima/workspace/rails/railties/lib/rails/application.rb:96:in `initialize!'
  /Users/akima/workspace/rails/railties/lib/rails/railtie/configurable.rb:30:in `method_missing'
  /Users/akima/workspace/rails3_20120112/config/environment.rb:5:in `<top (required)>'
  /Users/akima/workspace/rails3_20120112/config.ru:4:in `require'
  /Users/akima/workspace/rails3_20120112/config.ru:4:in `block in <main>'
  /Users/akima/.rvm/gems/ruby-1.9.2-head/gems/rack-1.3.6/lib/rack/builder.rb:51:in `instance_eval'
  /Users/akima/.rvm/gems/ruby-1.9.2-head/gems/rack-1.3.6/lib/rack/builder.rb:51:in `initialize'
  /Users/akima/workspace/rails3_20120112/config.ru:1:in `new'
  /Users/akima/workspace/rails3_20120112/config.ru:1:in `<main>'
  /Users/akima/.rvm/gems/ruby-1.9.2-head/gems/rack-1.3.6/lib/rack/builder.rb:40:in `eval'
  /Users/akima/.rvm/gems/ruby-1.9.2-head/gems/rack-1.3.6/lib/rack/builder.rb:40:in `parse_file'
  /Users/akima/.rvm/gems/ruby-1.9.2-head/gems/rack-1.3.6/lib/rack/server.rb:200:in `app'
  /Users/akima/workspace/rails/railties/lib/rails/commands/server.rb:46:in `app'
  /Users/akima/.rvm/gems/ruby-1.9.2-head/gems/rack-1.3.6/lib/rack/server.rb:301:in `wrapped_app'
  /Users/akima/.rvm/gems/ruby-1.9.2-head/gems/rack-1.3.6/lib/rack/server.rb:252:in `start'
  /Users/akima/workspace/rails/railties/lib/rails/commands/server.rb:70:in `start'
  /Users/akima/workspace/rails/railties/lib/rails/commands.rb:54:in `block in <top (required)>'
  /Users/akima/workspace/rails/railties/lib/rails/commands.rb:49:in `tap'
  /Users/akima/workspace/rails/railties/lib/rails/commands.rb:49:in `<top (required)>'
  script/rails:6:in `require'
  script/rails:6:in `<main>'
ActionDispatch::Reloader.to_prepare(&#<Proc:0x007fca3f72a130@/Users/akima/workspace/rails/activesupport/lib/active_support/i18n_railtie.rb:21>)
  /Users/akima/workspace/rails/activesupport/lib/active_support/i18n_railtie.rb:21:in `block in <class:Railtie>'
  /Users/akima/workspace/rails/railties/lib/rails/initializable.rb:30:in `instance_exec'
  /Users/akima/workspace/rails/railties/lib/rails/initializable.rb:30:in `run'
  /Users/akima/workspace/rails/railties/lib/rails/initializable.rb:55:in `block in run_initializers'
  /Users/akima/workspace/rails/railties/lib/rails/initializable.rb:54:in `each'
  /Users/akima/workspace/rails/railties/lib/rails/initializable.rb:54:in `run_initializers'
  /Users/akima/workspace/rails/railties/lib/rails/application.rb:96:in `initialize!'
  /Users/akima/workspace/rails/railties/lib/rails/railtie/configurable.rb:30:in `method_missing'
  /Users/akima/workspace/rails3_20120112/config/environment.rb:5:in `<top (required)>'
  /Users/akima/workspace/rails3_20120112/config.ru:4:in `require'
  /Users/akima/workspace/rails3_20120112/config.ru:4:in `block in <main>'
  /Users/akima/.rvm/gems/ruby-1.9.2-head/gems/rack-1.3.6/lib/rack/builder.rb:51:in `instance_eval'
  /Users/akima/.rvm/gems/ruby-1.9.2-head/gems/rack-1.3.6/lib/rack/builder.rb:51:in `initialize'
  /Users/akima/workspace/rails3_20120112/config.ru:1:in `new'
  /Users/akima/workspace/rails3_20120112/config.ru:1:in `<main>'
  /Users/akima/.rvm/gems/ruby-1.9.2-head/gems/rack-1.3.6/lib/rack/builder.rb:40:in `eval'
  /Users/akima/.rvm/gems/ruby-1.9.2-head/gems/rack-1.3.6/lib/rack/builder.rb:40:in `parse_file'
  /Users/akima/.rvm/gems/ruby-1.9.2-head/gems/rack-1.3.6/lib/rack/server.rb:200:in `app'
  /Users/akima/workspace/rails/railties/lib/rails/commands/server.rb:46:in `app'
  /Users/akima/.rvm/gems/ruby-1.9.2-head/gems/rack-1.3.6/lib/rack/server.rb:301:in `wrapped_app'
  /Users/akima/.rvm/gems/ruby-1.9.2-head/gems/rack-1.3.6/lib/rack/server.rb:252:in `start'
  /Users/akima/workspace/rails/railties/lib/rails/commands/server.rb:70:in `start'
  /Users/akima/workspace/rails/railties/lib/rails/commands.rb:54:in `block in <top (required)>'
  /Users/akima/workspace/rails/railties/lib/rails/commands.rb:49:in `tap'
  /Users/akima/workspace/rails/railties/lib/rails/commands.rb:49:in `<top (required)>'
  script/rails:6:in `require'
  script/rails:6:in `<main>'
ActionDispatch::Reloader#initialize(#<ActionDispatch::Callbacks:0x007fca3e3431d0 @app=#<ActiveRecord::ConnectionAdapters::ConnectionManagement:0x007fca3e3431f8 @app=#<ActiveRecord::QueryCache:0x007fca3f72eb90 @app=#<ActionDispatch::Cookies:0x007fca3f752090 @app=#<ActionDispatch::Session::CookieStore:0x007fca3f752130 @secret=nil, @coder=#<Rack::Session::Cookie::Base64::Marshal:0x007fca3f752108>, @app=#<ActionDispatch::Flash:0x007fca3f752158 @app=#<ActionDispatch::ParamsParser:0x007fca3f7521f8 @app=#<ActionDispatch::Head:0x007fca3f752220 @app=#<Rack::ConditionalGet:0x007fca3f752248 @app=#<Rack::ETag:0x007fca3f752298 @app=#<ActionDispatch::BestStandardsSupport:0x007fca3f7522e8 @app=#<ActionDispatch::Routing::RouteSet:0x007fca3f6b0ec0 @routes=[], @named_routes=#<ActionDispatch::Routing::RouteSet::NamedRouteCollection:0x007fca3b263a60 @routes={}, @helpers=[], @module=#<Module:0x007fca3b2638f8>>, @resources_path_names={:new=>"new", :edit=>"edit"}, @default_url_options={}, @request_class=ActionDispatch::Request, @valid_conditions=[:ignore_accept_header, :ignore_accept_header=, :auth_type, :gateway_interface, :path_translated, :remote_host, :remote_ident, :remote_user, :remote_addr, :server_name, :server_protocol, :accept, :accept_charset, :accept_encoding, :accept_language, :cache_control, :from, :negotiate, :pragma, :key?, :request_method, :request_method_symbol, :method, :method_symbol, :get?, :post?, :put?, :delete?, :head?, :headers, :original_fullpath, :fullpath, :original_url, :forgery_whitelisted?, :forgery_whitelisted_with_deprecation?, :forgery_whitelisted_without_deprecation?, :media_type, :content_length, :xml_http_request?, :xhr?, :ip, :remote_ip, :server_software, :raw_post, :body, :form_data?, :body_stream, :reset_session, :session=, :session_options=, :GET, :query_parameters, :POST, :request_parameters, :authorization, :local?, :tld_length, :tld_length=, :url, :protocol, :raw_host_with_port, :host, :host_with_port, :port, :standard_port, :standard_port?, :optional_port, :port_string, :server_port, :domain, :subdomains, :subdomain, :filtered_parameters, :filtered_env, :filtered_path, :parameters, :params, :path_parameters=, :symbolized_path_parameters, :path_parameters, :content_mime_type, :content_type, :accepts, :format, :formats, :format=, :negotiate_mime, :if_modified_since, :if_none_match, :not_modified?, :etag_matches?, :fresh?, :env, :script_name, :path_info, :query_string, :session, :session_options, :logger, :media_type_params, :content_charset, :scheme, :ssl?, :script_name=, :path_info=, :options?, :patch?, :trace?, :parseable_data?, :[], :[]=, :values_at, :referer, :referrer, :user_agent, :cookies, :base_url, :path, :psych_to_yaml, :to_yaml_properties, :to_yaml, :in?, :blank?, :present?, :presence, :acts_like?, :try, :html_safe?, :duplicable?, :to_param, :to_query, :require_or_load, :require_dependency, :require_association, :load_dependency, :load, :require, :unloadable, :nil?, :===, :=~, :!~, :eql?, :hash, :<=>, :class, :singleton_class, :clone, :dup, :initialize_dup, :initialize_clone, :taint, :tainted?, :untaint, :untrust, :untrusted?, :trust, :freeze, :frozen?, :to_s, :inspect, :methods, :singleton_methods, :protected_methods, :private_methods, :public_methods, :instance_variables, :instance_variable_get, :instance_variable_set, :instance_variable_defined?, :instance_of?, :kind_of?, :is_a?, :tap, :send, :public_send, :respond_to?, :respond_to_missing?, :extend, :display, :public_method, :define_singleton_method, :__id__, :object_id, :to_enum, :enum_for, :gem, :psych_y, :y, :silence_warnings, :enable_warnings, :with_warnings, :silence_stderr, :silence_stream, :suppress, :capture, :silence, :quietly, :class_eval, :==, :equal?, :!, :!=, :instance_eval, :instance_exec, :__send__, :controller, :action], @append=[#<Proc:0x007fca3ce4f468@/Users/akima/workspace/rails/railties/lib/rails/application/finisher.rb:30>], @prepend=[], @disable_clear_and_finalize=false, @finalized=false, @set=#<Rack::Mount::RouteSet:0x007fca3e2dc9f8 @parameters_key="action_dispatch.request.path_parameters", @named_routes={}, @recognition_key_analyzer=#<Rack::Mount::Analysis::Splitting:0x007fca3cf39590 @raw_keys=[], @key_frequency={}, @report=nil, @possible_keys=nil>, @generation_keys=[:controller, :action], @generation_route_keys=[], @request_class=ActionDispatch::Request, @valid_conditions=[:ignore_accept_header, :ignore_accept_header=, :auth_type, :gateway_interface, :path_translated, :remote_host, :remote_ident, :remote_user, :remote_addr, :server_name, :server_protocol, :accept, :accept_charset, :accept_encoding, :accept_language, :cache_control, :from, :negotiate, :pragma, :key?, :request_method, :request_method_symbol, :method, :method_symbol, :get?, :post?, :put?, :delete?, :head?, :headers, :original_fullpath, :fullpath, :original_url, :forgery_whitelisted?, :forgery_whitelisted_with_deprecation?, :forgery_whitelisted_without_deprecation?, :media_type, :content_length, :xml_http_request?, :xhr?, :ip, :remote_ip, :server_software, :raw_post, :body, :form_data?, :body_stream, :reset_session, :session=, :session_options=, :GET, :query_parameters, :POST, :request_parameters, :authorization, :local?, :tld_length, :tld_length=, :url, :protocol, :raw_host_with_port, :host, :host_with_port, :port, :standard_port, :standard_port?, :optional_port, :port_string, :server_port, :domain, :subdomains, :subdomain, :filtered_parameters, :filtered_env, :filtered_path, :parameters, :params, :path_parameters=, :symbolized_path_parameters, :path_parameters, :content_mime_type, :content_type, :accepts, :format, :formats, :format=, :negotiate_mime, :if_modified_since, :if_none_match, :not_modified?, :etag_matches?, :fresh?, :env, :script_name, :path_info, :query_string, :session, :session_options, :logger, :media_type_params, :content_charset, :scheme, :ssl?, :script_name=, :path_info=, :options?, :patch?, :trace?, :parseable_data?, :[], :[]=, :values_at, :referer, :referrer, :user_agent, :cookies, :base_url, :path, :psych_to_yaml, :to_yaml_properties, :to_yaml, :in?, :blank?, :present?, :presence, :acts_like?, :try, :html_safe?, :duplicable?, :to_param, :to_query, :require_or_load, :require_dependency, :require_association, :load_dependency, :load, :require, :unloadable, :nil?, :===, :=~, :!~, :eql?, :hash, :<=>, :class, :singleton_class, :clone, :dup, :initialize_dup, :initialize_clone, :taint, :tainted?, :untaint, :untrust, :untrusted?, :trust, :freeze, :frozen?, :to_s, :inspect, :methods, :singleton_methods, :protected_methods, :private_methods, :public_methods, :instance_variables, :instance_variable_get, :instance_variable_set, :instance_variable_defined?, :instance_of?, :kind_of?, :is_a?, :tap, :send, :public_send, :respond_to?, :respond_to_missing?, :extend, :display, :public_method, :define_singleton_method, :__id__, :object_id, :to_enum, :enum_for, :gem, :psych_y, :y, :silence_warnings, :enable_warnings, :with_warnings, :silence_stderr, :silence_stream, :suppress, :capture, :silence, :quietly, :class_eval, :==, :equal?, :!, :!=, :instance_eval, :instance_exec, :__send__], @optimized_recognize_defined=false, @routes=[], @recognition_graph=nil, @recognition_keys=nil, @generation_graph=nil>>, @header="IE=Edge">, @cache_control="max-age=0, private, must-revalidate", @no_cache_control="no-cache">>>, @parsers={application/xml=>:xml_simple, application/json=>:json}>>, @default_options={:key=>"_rails3_20120112_session", :path=>"/", :domain=>nil, :expire_after=>nil, :secure=>false, :httponly=>true, :defer=>false, :renew=>false, :coder=>#<Rack::Session::Cookie::Base64::Marshal:0x007fca3f752108>}, @key="_rails3_20120112_session", @cookie_only=true>>>>>)
  /Users/akima/workspace/rails/actionpack/lib/action_dispatch/middleware/stack.rb:43:in `new'
  /Users/akima/workspace/rails/actionpack/lib/action_dispatch/middleware/stack.rb:43:in `build'
  /Users/akima/workspace/rails/actionpack/lib/action_dispatch/middleware/stack.rb:112:in `block in build'
  /Users/akima/workspace/rails/actionpack/lib/action_dispatch/middleware/stack.rb:112:in `each'
  /Users/akima/workspace/rails/actionpack/lib/action_dispatch/middleware/stack.rb:112:in `inject'
  /Users/akima/workspace/rails/actionpack/lib/action_dispatch/middleware/stack.rb:112:in `build'
  /Users/akima/workspace/rails/railties/lib/rails/engine.rb:447:in `app'
  /Users/akima/workspace/rails/railties/lib/rails/application/finisher.rb:37:in `block in <module:Finisher>'
  /Users/akima/workspace/rails/railties/lib/rails/initializable.rb:30:in `instance_exec'
  /Users/akima/workspace/rails/railties/lib/rails/initializable.rb:30:in `run'
  /Users/akima/workspace/rails/railties/lib/rails/initializable.rb:55:in `block in run_initializers'
  /Users/akima/workspace/rails/railties/lib/rails/initializable.rb:54:in `each'
  /Users/akima/workspace/rails/railties/lib/rails/initializable.rb:54:in `run_initializers'
  /Users/akima/workspace/rails/railties/lib/rails/application.rb:96:in `initialize!'
  /Users/akima/workspace/rails/railties/lib/rails/railtie/configurable.rb:30:in `method_missing'
  /Users/akima/workspace/rails3_20120112/config/environment.rb:5:in `<top (required)>'
  /Users/akima/workspace/rails3_20120112/config.ru:4:in `require'
  /Users/akima/workspace/rails3_20120112/config.ru:4:in `block in <main>'
  /Users/akima/.rvm/gems/ruby-1.9.2-head/gems/rack-1.3.6/lib/rack/builder.rb:51:in `instance_eval'
  /Users/akima/.rvm/gems/ruby-1.9.2-head/gems/rack-1.3.6/lib/rack/builder.rb:51:in `initialize'
  /Users/akima/workspace/rails3_20120112/config.ru:1:in `new'
  /Users/akima/workspace/rails3_20120112/config.ru:1:in `<main>'
  /Users/akima/.rvm/gems/ruby-1.9.2-head/gems/rack-1.3.6/lib/rack/builder.rb:40:in `eval'
  /Users/akima/.rvm/gems/ruby-1.9.2-head/gems/rack-1.3.6/lib/rack/builder.rb:40:in `parse_file'
  /Users/akima/.rvm/gems/ruby-1.9.2-head/gems/rack-1.3.6/lib/rack/server.rb:200:in `app'
  /Users/akima/workspace/rails/railties/lib/rails/commands/server.rb:46:in `app'
  /Users/akima/.rvm/gems/ruby-1.9.2-head/gems/rack-1.3.6/lib/rack/server.rb:301:in `wrapped_app'
  /Users/akima/.rvm/gems/ruby-1.9.2-head/gems/rack-1.3.6/lib/rack/server.rb:252:in `start'
  /Users/akima/workspace/rails/railties/lib/rails/commands/server.rb:70:in `start'
  /Users/akima/workspace/rails/railties/lib/rails/commands.rb:54:in `block in <top (required)>'
  /Users/akima/workspace/rails/railties/lib/rails/commands.rb:49:in `tap'
  /Users/akima/workspace/rails/railties/lib/rails/commands.rb:49:in `<top (required)>'
  script/rails:6:in `require'
  script/rails:6:in `<main>'
ActionDispatch::Reloader.prepare!
  /Users/akima/workspace/rails/railties/lib/rails/application/finisher.rb:41:in `block in <module:Finisher>'
  /Users/akima/workspace/rails/railties/lib/rails/initializable.rb:30:in `instance_exec'
  /Users/akima/workspace/rails/railties/lib/rails/initializable.rb:30:in `run'
  /Users/akima/workspace/rails/railties/lib/rails/initializable.rb:55:in `block in run_initializers'
  /Users/akima/workspace/rails/railties/lib/rails/initializable.rb:54:in `each'
  /Users/akima/workspace/rails/railties/lib/rails/initializable.rb:54:in `run_initializers'
  /Users/akima/workspace/rails/railties/lib/rails/application.rb:96:in `initialize!'
  /Users/akima/workspace/rails/railties/lib/rails/railtie/configurable.rb:30:in `method_missing'
  /Users/akima/workspace/rails3_20120112/config/environment.rb:5:in `<top (required)>'
  /Users/akima/workspace/rails3_20120112/config.ru:4:in `require'
  /Users/akima/workspace/rails3_20120112/config.ru:4:in `block in <main>'
  /Users/akima/.rvm/gems/ruby-1.9.2-head/gems/rack-1.3.6/lib/rack/builder.rb:51:in `instance_eval'
  /Users/akima/.rvm/gems/ruby-1.9.2-head/gems/rack-1.3.6/lib/rack/builder.rb:51:in `initialize'
  /Users/akima/workspace/rails3_20120112/config.ru:1:in `new'
  /Users/akima/workspace/rails3_20120112/config.ru:1:in `<main>'
  /Users/akima/.rvm/gems/ruby-1.9.2-head/gems/rack-1.3.6/lib/rack/builder.rb:40:in `eval'
  /Users/akima/.rvm/gems/ruby-1.9.2-head/gems/rack-1.3.6/lib/rack/builder.rb:40:in `parse_file'
  /Users/akima/.rvm/gems/ruby-1.9.2-head/gems/rack-1.3.6/lib/rack/server.rb:200:in `app'
  /Users/akima/workspace/rails/railties/lib/rails/commands/server.rb:46:in `app'
  /Users/akima/.rvm/gems/ruby-1.9.2-head/gems/rack-1.3.6/lib/rack/server.rb:301:in `wrapped_app'
  /Users/akima/.rvm/gems/ruby-1.9.2-head/gems/rack-1.3.6/lib/rack/server.rb:252:in `start'
  /Users/akima/workspace/rails/railties/lib/rails/commands/server.rb:70:in `start'
  /Users/akima/workspace/rails/railties/lib/rails/commands.rb:54:in `block in <top (required)>'
  /Users/akima/workspace/rails/railties/lib/rails/commands.rb:49:in `tap'
  /Users/akima/workspace/rails/railties/lib/rails/commands.rb:49:in `<top (required)>'
  script/rails:6:in `require'
  script/rails:6:in `<main>'
ActionDispatch::Reloader#initialize(nil)
  /Users/akima/workspace/rails/actionpack/lib/action_dispatch/middleware/reloader.rb:49:in `new'
  /Users/akima/workspace/rails/actionpack/lib/action_dispatch/middleware/reloader.rb:49:in `prepare!'
  /Users/akima/workspace/rails/railties/lib/rails/application/finisher.rb:41:in `block in <module:Finisher>'
  /Users/akima/workspace/rails/railties/lib/rails/initializable.rb:30:in `instance_exec'
  /Users/akima/workspace/rails/railties/lib/rails/initializable.rb:30:in `run'
  /Users/akima/workspace/rails/railties/lib/rails/initializable.rb:55:in `block in run_initializers'
  /Users/akima/workspace/rails/railties/lib/rails/initializable.rb:54:in `each'
  /Users/akima/workspace/rails/railties/lib/rails/initializable.rb:54:in `run_initializers'
  /Users/akima/workspace/rails/railties/lib/rails/application.rb:96:in `initialize!'
  /Users/akima/workspace/rails/railties/lib/rails/railtie/configurable.rb:30:in `method_missing'
  /Users/akima/workspace/rails3_20120112/config/environment.rb:5:in `<top (required)>'
  /Users/akima/workspace/rails3_20120112/config.ru:4:in `require'
  /Users/akima/workspace/rails3_20120112/config.ru:4:in `block in <main>'
  /Users/akima/.rvm/gems/ruby-1.9.2-head/gems/rack-1.3.6/lib/rack/builder.rb:51:in `instance_eval'
  /Users/akima/.rvm/gems/ruby-1.9.2-head/gems/rack-1.3.6/lib/rack/builder.rb:51:in `initialize'
  /Users/akima/workspace/rails3_20120112/config.ru:1:in `new'
  /Users/akima/workspace/rails3_20120112/config.ru:1:in `<main>'
  /Users/akima/.rvm/gems/ruby-1.9.2-head/gems/rack-1.3.6/lib/rack/builder.rb:40:in `eval'
  /Users/akima/.rvm/gems/ruby-1.9.2-head/gems/rack-1.3.6/lib/rack/builder.rb:40:in `parse_file'
  /Users/akima/.rvm/gems/ruby-1.9.2-head/gems/rack-1.3.6/lib/rack/server.rb:200:in `app'
  /Users/akima/workspace/rails/railties/lib/rails/commands/server.rb:46:in `app'
  /Users/akima/.rvm/gems/ruby-1.9.2-head/gems/rack-1.3.6/lib/rack/server.rb:301:in `wrapped_app'
  /Users/akima/.rvm/gems/ruby-1.9.2-head/gems/rack-1.3.6/lib/rack/server.rb:252:in `start'
  /Users/akima/workspace/rails/railties/lib/rails/commands/server.rb:70:in `start'
  /Users/akima/workspace/rails/railties/lib/rails/commands.rb:54:in `block in <top (required)>'
  /Users/akima/workspace/rails/railties/lib/rails/commands.rb:49:in `tap'
  /Users/akima/workspace/rails/railties/lib/rails/commands.rb:49:in `<top (required)>'
  script/rails:6:in `require'
  script/rails:6:in `<main>'
ActionDispatch::Reloader.to_prepare(&#<Proc:0x007fca3cba9a10@/Users/akima/workspace/rails/railties/lib/rails/application/finisher.rb:63 (lambda)>)
  /Users/akima/workspace/rails/railties/lib/rails/application/finisher.rb:65:in `block in <module:Finisher>'
  /Users/akima/workspace/rails/railties/lib/rails/initializable.rb:30:in `instance_exec'
  /Users/akima/workspace/rails/railties/lib/rails/initializable.rb:30:in `run'
  /Users/akima/workspace/rails/railties/lib/rails/initializable.rb:55:in `block in run_initializers'
  /Users/akima/workspace/rails/railties/lib/rails/initializable.rb:54:in `each'
  /Users/akima/workspace/rails/railties/lib/rails/initializable.rb:54:in `run_initializers'
  /Users/akima/workspace/rails/railties/lib/rails/application.rb:96:in `initialize!'
  /Users/akima/workspace/rails/railties/lib/rails/railtie/configurable.rb:30:in `method_missing'
  /Users/akima/workspace/rails3_20120112/config/environment.rb:5:in `<top (required)>'
  /Users/akima/workspace/rails3_20120112/config.ru:4:in `require'
  /Users/akima/workspace/rails3_20120112/config.ru:4:in `block in <main>'
  /Users/akima/.rvm/gems/ruby-1.9.2-head/gems/rack-1.3.6/lib/rack/builder.rb:51:in `instance_eval'
  /Users/akima/.rvm/gems/ruby-1.9.2-head/gems/rack-1.3.6/lib/rack/builder.rb:51:in `initialize'
  /Users/akima/workspace/rails3_20120112/config.ru:1:in `new'
  /Users/akima/workspace/rails3_20120112/config.ru:1:in `<main>'
  /Users/akima/.rvm/gems/ruby-1.9.2-head/gems/rack-1.3.6/lib/rack/builder.rb:40:in `eval'
  /Users/akima/.rvm/gems/ruby-1.9.2-head/gems/rack-1.3.6/lib/rack/builder.rb:40:in `parse_file'
  /Users/akima/.rvm/gems/ruby-1.9.2-head/gems/rack-1.3.6/lib/rack/server.rb:200:in `app'
  /Users/akima/workspace/rails/railties/lib/rails/commands/server.rb:46:in `app'
  /Users/akima/.rvm/gems/ruby-1.9.2-head/gems/rack-1.3.6/lib/rack/server.rb:301:in `wrapped_app'
  /Users/akima/.rvm/gems/ruby-1.9.2-head/gems/rack-1.3.6/lib/rack/server.rb:252:in `start'
  /Users/akima/workspace/rails/railties/lib/rails/commands/server.rb:70:in `start'
  /Users/akima/workspace/rails/railties/lib/rails/commands.rb:54:in `block in <top (required)>'
  /Users/akima/workspace/rails/railties/lib/rails/commands.rb:49:in `tap'
  /Users/akima/workspace/rails/railties/lib/rails/commands.rb:49:in `<top (required)>'
  script/rails:6:in `require'
  script/rails:6:in `<main>'
ActionDispatch::Reloader#call({"GATEWAY_INTERFACE"=>"CGI/1.1", "PATH_INFO"=>"/tests/foo", "QUERY_STRING"=>"idx=1", "REMOTE_ADDR"=>"127.0.0.1", "REMOTE_HOST"=>"localhost", "REQUEST_METHOD"=>"GET", "REQUEST_URI"=>"http://localhost:3000/tests/foo?idx=1", "SCRIPT_NAME"=>"", "SERVER_NAME"=>"localhost", "SERVER_PORT"=>"3000", "SERVER_PROTOCOL"=>"HTTP/1.1", "SERVER_SOFTWARE"=>"WEBrick/1.3.1 (Ruby/1.9.2/2011-08-11)", "HTTP_HOST"=>"localhost:3000", "HTTP_CONNECTION"=>"keep-alive", "HTTP_USER_AGENT"=>"Mozilla/5.0 (Macintosh; Intel Mac OS X 10_7_2) AppleWebKit/535.7 (KHTML, like Gecko) Chrome/16.0.912.75 Safari/535.7", "HTTP_ACCEPT"=>"text/html,application/xhtml+xml,application/xml;q=0.9,*/*;q=0.8", "HTTP_ACCEPT_ENCODING"=>"gzip,deflate,sdch", "HTTP_ACCEPT_LANGUAGE"=>"ja,en-US;q=0.8,en;q=0.6", "HTTP_ACCEPT_CHARSET"=>"Shift_JIS,utf-8;q=0.7,*;q=0.3", "HTTP_COOKIE"=>"_tengine_console_session=BAh7B0kiD3Nlc3Npb25faWQGOgZFRkkiJTk4OWQ5YTg3YWU5ZjIxZTJiN2I0ZGM1Y2NjNGIzZTNiBjsAVEkiEF9jc3JmX3Rva2VuBjsARkkiMWJkYlBndnVXN3BMa3BrR0c2dHRIeENITFJBTXVmUDNnZjRUdEE1OVI0OEE9BjsARg%3D%3D--896b051974b786faf7d6c48ee07f8a12c5ce4acd; _rails3_20120111_session=BAh7B0kiD3Nlc3Npb25faWQGOgZFRkkiJTBkOWVjYTQxOTczZWMyNzIyOTE5MDQwYTc1OGFkNDM2BjsAVEkiEF9jc3JmX3Rva2VuBjsARkkiMUdoNmJyeGVNNTE0YzNuUjVDQWVubFJVWDVPVS93ODZDcGlVeVFEOGJicVk9BjsARg%3D%3D--1271cbd352632414a9d54d7e1334ef7afe57b527", "HTTP_IF_NONE_MATCH"=>"\"acbd18db4cc2f85cedef654fccc4a4d8\"", "rack.version"=>[1, 1], "rack.input"=>#<StringIO:0x007fca3f77a8d8>, "rack.errors"=>#<IO:<STDERR>>, "rack.multithread"=>false, "rack.multiprocess"=>false, "rack.run_once"=>false, "rack.url_scheme"=>"http", "HTTP_VERSION"=>"HTTP/1.1", "REQUEST_PATH"=>"/tests/foo", "ORIGINAL_FULLPATH"=>"/tests/foo?idx=1", "action_dispatch.routes"=>#<ActionDispatch::Routing::RouteSet:0x007fca3f6b0ec0 @routes=[       /assets                                  {}, GET    /tests/foo(.:format)                     {:controller=>"tests", :action=>"foo"},        /rails/info/properties(.:format)         {:controller=>"rails/info", :action=>"properties"}], @named_routes=#<ActionDispatch::Routing::RouteSet::NamedRouteCollection:0x007fca3b263a60 @routes={:tests_foo=>GET    /tests/foo(.:format)                     {:controller=>"tests", :action=>"foo"}, :rails_info_properties=>       /rails/info/properties(.:format)         {:controller=>"rails/info", :action=>"properties"}}, @helpers=[:hash_for_tests_foo_url, :tests_foo_url, :hash_for_tests_foo_path, :tests_foo_path, :hash_for_rails_info_properties_url, :rails_info_properties_url, :hash_for_rails_info_properties_path, :rails_info_properties_path], @module=#<Module:0x007fca3b2638f8>>, @resources_path_names={:new=>"new", :edit=>"edit"}, @default_url_options={}, @request_class=ActionDispatch::Request, @valid_conditions=[:ignore_accept_header, :ignore_accept_header=, :auth_type, :gateway_interface, :path_translated, :remote_host, :remote_ident, :remote_user, :remote_addr, :server_name, :server_protocol, :accept, :accept_charset, :accept_encoding, :accept_language, :cache_control, :from, :negotiate, :pragma, :key?, :request_method, :request_method_symbol, :method, :method_symbol, :get?, :post?, :put?, :delete?, :head?, :headers, :original_fullpath, :fullpath, :original_url, :forgery_whitelisted?, :forgery_whitelisted_with_deprecation?, :forgery_whitelisted_without_deprecation?, :media_type, :content_length, :xml_http_request?, :xhr?, :ip, :remote_ip, :server_software, :raw_post, :body, :form_data?, :body_stream, :reset_session, :session=, :session_options=, :GET, :query_parameters, :POST, :request_parameters, :authorization, :local?, :tld_length, :tld_length=, :url, :protocol, :raw_host_with_port, :host, :host_with_port, :port, :standard_port, :standard_port?, :optional_port, :port_string, :server_port, :domain, :subdomains, :subdomain, :filtered_parameters, :filtered_env, :filtered_path, :parameters, :params, :path_parameters=, :symbolized_path_parameters, :path_parameters, :content_mime_type, :content_type, :accepts, :format, :formats, :format=, :negotiate_mime, :if_modified_since, :if_none_match, :not_modified?, :etag_matches?, :fresh?, :env, :script_name, :path_info, :query_string, :session, :session_options, :logger, :media_type_params, :content_charset, :scheme, :ssl?, :script_name=, :path_info=, :options?, :patch?, :trace?, :parseable_data?, :[], :[]=, :values_at, :referer, :referrer, :user_agent, :cookies, :base_url, :path, :psych_to_yaml, :to_yaml_properties, :to_yaml, :in?, :blank?, :present?, :presence, :acts_like?, :try, :html_safe?, :duplicable?, :to_param, :to_query, :require_or_load, :require_dependency, :require_association, :load_dependency, :load, :require, :unloadable, :nil?, :===, :=~, :!~, :eql?, :hash, :<=>, :class, :singleton_class, :clone, :dup, :initialize_dup, :initialize_clone, :taint, :tainted?, :untaint, :untrust, :untrusted?, :trust, :freeze, :frozen?, :to_s, :inspect, :methods, :singleton_methods, :protected_methods, :private_methods, :public_methods, :instance_variables, :instance_variable_get, :instance_variable_set, :instance_variable_defined?, :instance_of?, :kind_of?, :is_a?, :tap, :send, :public_send, :respond_to?, :respond_to_missing?, :extend, :display, :public_method, :define_singleton_method, :__id__, :object_id, :to_enum, :enum_for, :gem, :psych_y, :y, :silence_warnings, :enable_warnings, :with_warnings, :silence_stderr, :silence_stream, :suppress, :capture, :silence, :quietly, :class_eval, :==, :equal?, :!, :!=, :instance_eval, :instance_exec, :__send__, :controller, :action], @append=[#<Proc:0x007fca3ce4f468@/Users/akima/workspace/rails/railties/lib/rails/application/finisher.rb:30>], @prepend=[#<Proc:0x007fca3cba9c68@/Users/akima/workspace/rails/actionpack/lib/sprockets/bootstrap.rb:27>], @disable_clear_and_finalize=false, @finalized=true, @set=#<Rack::Mount::RouteSet:0x007fca3cba98a8 @parameters_key="action_dispatch.request.path_parameters", @named_routes={:tests_foo=>#<Rack::Mount::Route @app=#<ActionDispatch::Routing::RouteSet::Dispatcher:0x007fca3d0e55d8 @defaults={:controller=>"tests", :action=>"foo"}, @glob_param=nil, @controllers={}> @conditions={:path_info=>/\A\/tests\/foo(?:\.(?<format>[^\/.?]+))?\Z/, :request_method=>/^GET$/} @defaults={:controller=>"tests", :action=>"foo"} @name=:tests_foo>, :rails_info_properties=>#<Rack::Mount::Route @app=#<ActionDispatch::Routing::RouteSet::Dispatcher:0x007fca3d17f728 @defaults={:controller=>"rails/info", :action=>"properties"}, @glob_param=nil, @controllers={}> @conditions={:path_info=>/\A\/rails\/info\/properties(?:\.(?<format>[^\/.?]+))?\Z/} @defaults={:controller=>"rails/info", :action=>"properties"} @name=:rails_info_properties>}, @recognition_key_analyzer=nil, @generation_keys=[:controller, :action], @generation_route_keys=nil, @request_class=ActionDispatch::Request, @valid_conditions=nil, @optimized_recognize_defined=true, @routes=[#<Rack::Mount::Route @app=#<Rack::Mount::Prefix:0x007fca3d0b7d90 @prefix=nil, @app=#<Sprockets::Environment:0x3fe51fb92e88 root="/Users/akima/workspace/rails3_20120112", paths=["/Users/akima/workspace/rails3_20120112/app/assets/images", "/Users/akima/workspace/rails3_20120112/app/assets/javascripts", "/Users/akima/workspace/rails3_20120112/app/assets/stylesheets", "/Users/akima/workspace/rails3_20120112/vendor/assets/stylesheets", "/Users/akima/.rvm/gems/ruby-1.9.2-head/gems/jquery-rails-1.0.19/vendor/assets/javascripts"], digest="46dde6621c301f4928e3b34efee9e3b5">> @conditions={:path_info=>/\A\/assets/} @defaults={} @name=nil>, #<Rack::Mount::Route @app=#<ActionDispatch::Routing::RouteSet::Dispatcher:0x007fca3d0e55d8 @defaults={:controller=>"tests", :action=>"foo"}, @glob_param=nil, @controllers={}> @conditions={:path_info=>/\A\/tests\/foo(?:\.(?<format>[^\/.?]+))?\Z/, :request_method=>/^GET$/} @defaults={:controller=>"tests", :action=>"foo"} @name=:tests_foo>, #<Rack::Mount::Route @app=#<ActionDispatch::Routing::RouteSet::Dispatcher:0x007fca3d17f728 @defaults={:controller=>"rails/info", :action=>"properties"}, @glob_param=nil, @controllers={}> @conditions={:path_info=>/\A\/rails\/info\/properties(?:\.(?<format>[^\/.?]+))?\Z/} @defaults={:controller=>"rails/info", :action=>"properties"} @name=:rails_info_properties>], @recognition_graph=#<Rack::Mount::Multimap:0x007fca3d0b6c60 @hash={"tests"=>#<Rack::Mount::Multimap:0x007fca3d0b6990 @hash={"foo"=>[#<Rack::Mount::Route @app=#<Rack::Mount::Prefix:0x007fca3d0b7d90 @prefix=nil, @app=#<Sprockets::Environment:0x3fe51fb92e88 root="/Users/akima/workspace/rails3_20120112", paths=["/Users/akima/workspace/rails3_20120112/app/assets/images", "/Users/akima/workspace/rails3_20120112/app/assets/javascripts", "/Users/akima/workspace/rails3_20120112/app/assets/stylesheets", "/Users/akima/workspace/rails3_20120112/vendor/assets/stylesheets", "/Users/akima/.rvm/gems/ruby-1.9.2-head/gems/jquery-rails-1.0.19/vendor/assets/javascripts"], digest="46dde6621c301f4928e3b34efee9e3b5">> @conditions={:path_info=>/\A\/assets/} @defaults={} @name=nil>, #<Rack::Mount::Route @app=#<ActionDispatch::Routing::RouteSet::Dispatcher:0x007fca3d0e55d8 @defaults={:controller=>"tests", :action=>"foo"}, @glob_param=nil, @controllers={}> @conditions={:path_info=>/\A\/tests\/foo(?:\.(?<format>[^\/.?]+))?\Z/, :request_method=>/^GET$/} @defaults={:controller=>"tests", :action=>"foo"} @name=:tests_foo>]}>, "rails"=>#<Rack::Mount::Multimap:0x007fca3d0b66c0 @hash={"info"=>[#<Rack::Mount::Route @app=#<Rack::Mount::Prefix:0x007fca3d0b7d90 @prefix=nil, @app=#<Sprockets::Environment:0x3fe51fb92e88 root="/Users/akima/workspace/rails3_20120112", paths=["/Users/akima/workspace/rails3_20120112/app/assets/images", "/Users/akima/workspace/rails3_20120112/app/assets/javascripts", "/Users/akima/workspace/rails3_20120112/app/assets/stylesheets", "/Users/akima/workspace/rails3_20120112/vendor/assets/stylesheets", "/Users/akima/.rvm/gems/ruby-1.9.2-head/gems/jquery-rails-1.0.19/vendor/assets/javascripts"], digest="46dde6621c301f4928e3b34efee9e3b5">> @conditions={:path_info=>/\A\/assets/} @defaults={} @name=nil>, #<Rack::Mount::Route @app=#<ActionDispatch::Routing::RouteSet::Dispatcher:0x007fca3d17f728 @defaults={:controller=>"rails/info", :action=>"properties"}, @glob_param=nil, @controllers={}> @conditions={:path_info=>/\A\/rails\/info\/properties(?:\.(?<format>[^\/.?]+))?\Z/} @defaults={:controller=>"rails/info", :action=>"properties"} @name=:rails_info_properties>]}>}>, @recognition_keys=[path_info[0].split(/\/|\./), path_info[1].split(/\/|\./)], @generation_graph=#<Rack::Mount::Multimap:0x007fca3d0b6058 @hash={"tests"=>#<Rack::Mount::Multimap:0x007fca3d0b49d8 @hash={"foo"=>[#<Rack::Mount::Route @app=#<ActionDispatch::Routing::RouteSet::Dispatcher:0x007fca3d0e55d8 @defaults={:controller=>"tests", :action=>"foo"}, @glob_param=nil, @controllers={}> @conditions={:path_info=>/\A\/tests\/foo(?:\.(?<format>[^\/.?]+))?\Z/, :request_method=>/^GET$/} @defaults={:controller=>"tests", :action=>"foo"} @name=:tests_foo>]}>, "rails/info"=>#<Rack::Mount::Multimap:0x007fca3d0b1b20 @hash={"properties"=>[#<Rack::Mount::Route @app=#<ActionDispatch::Routing::RouteSet::Dispatcher:0x007fca3d17f728 @defaults={:controller=>"rails/info", :action=>"properties"}, @glob_param=nil, @controllers={}> @conditions={:path_info=>/\A\/rails\/info\/properties(?:\.(?<format>[^\/.?]+))?\Z/} @defaults={:controller=>"rails/info", :action=>"properties"} @name=:rails_info_properties>]}>}>, @stubbed_request_class=#<Class:0x007fca3d04eca0>>>, "action_dispatch.parameter_filter"=>[:password], "action_dispatch.secret_token"=>"ef3ee6bc3a7e8d8e8c7a97d13b9bf39c3c666377fc5642664c5ce89db9602e07e385d40ecd2d8b58347c8836ae1644016f95066194d3b0093f45545d2bd42297", "action_dispatch.show_exceptions"=>true, "action_dispatch.remote_ip"=>127.0.0.1})
  /Users/akima/.rvm/gems/ruby-1.9.2-head/gems/rack-1.3.6/lib/rack/sendfile.rb:101:in `call'
  /Users/akima/workspace/rails/actionpack/lib/action_dispatch/middleware/remote_ip.rb:48:in `call'
  /Users/akima/workspace/rails/actionpack/lib/action_dispatch/middleware/show_exceptions.rb:47:in `call'
  /Users/akima/workspace/rails/railties/lib/rails/rack/logger.rb:13:in `call'
  /Users/akima/.rvm/gems/ruby-1.9.2-head/gems/rack-1.3.6/lib/rack/methodoverride.rb:24:in `call'
  /Users/akima/.rvm/gems/ruby-1.9.2-head/gems/rack-1.3.6/lib/rack/runtime.rb:17:in `call'
  /Users/akima/workspace/rails/activesupport/lib/active_support/cache/strategy/local_cache.rb:72:in `call'
  /Users/akima/.rvm/gems/ruby-1.9.2-head/gems/rack-1.3.6/lib/rack/lock.rb:15:in `call'
  /Users/akima/workspace/rails/actionpack/lib/action_dispatch/middleware/static.rb:53:in `call'
  /Users/akima/workspace/rails/railties/lib/rails/engine.rb:456:in `call'
  /Users/akima/workspace/rails/railties/lib/rails/application.rb:143:in `call'
  /Users/akima/.rvm/gems/ruby-1.9.2-head/gems/rack-1.3.6/lib/rack/content_length.rb:14:in `call'
  /Users/akima/workspace/rails/railties/lib/rails/rack/log_tailer.rb:14:in `call'
  /Users/akima/.rvm/gems/ruby-1.9.2-head/gems/rack-1.3.6/lib/rack/handler/webrick.rb:59:in `service'
  /Users/akima/.rvm/rubies/ruby-1.9.2-head/lib/ruby/1.9.1/webrick/httpserver.rb:111:in `service'
  /Users/akima/.rvm/rubies/ruby-1.9.2-head/lib/ruby/1.9.1/webrick/httpserver.rb:70:in `run'
  /Users/akima/.rvm/rubies/ruby-1.9.2-head/lib/ruby/1.9.1/webrick/server.rb:183:in `block in start_thread'
ActionDispatch::Reloader.to_cleanup(&#<Proc:0x007fca3f6fa958@/Users/akima/workspace/rails/activerecord/lib/active_record/railtie.rb:83>)
  /Users/akima/workspace/rails/activerecord/lib/active_record/railtie.rb:83:in `block (2 levels) in <class:Railtie>'
  /Users/akima/workspace/rails/activesupport/lib/active_support/lazy_load_hooks.rb:36:in `instance_eval'
  /Users/akima/workspace/rails/activesupport/lib/active_support/lazy_load_hooks.rb:36:in `execute_hook'
  /Users/akima/workspace/rails/activesupport/lib/active_support/lazy_load_hooks.rb:43:in `block in run_load_hooks'
  /Users/akima/workspace/rails/activesupport/lib/active_support/lazy_load_hooks.rb:42:in `each'
  /Users/akima/workspace/rails/activesupport/lib/active_support/lazy_load_hooks.rb:42:in `run_load_hooks'
  /Users/akima/workspace/rails/activerecord/lib/active_record/base.rb:2188:in `<top (required)>'
  /Users/akima/workspace/rails/activerecord/lib/active_record/query_cache.rb:61:in `call'
  /Users/akima/workspace/rails/activerecord/lib/active_record/connection_adapters/abstract/connection_pool.rb:477:in `call'
  /Users/akima/workspace/rails/actionpack/lib/action_dispatch/middleware/callbacks.rb:29:in `block in call'
  /Users/akima/workspace/rails/activesupport/lib/active_support/callbacks.rb:392:in `_run_call_callbacks'
  /Users/akima/workspace/rails/activesupport/lib/active_support/callbacks.rb:81:in `run_callbacks'
  /Users/akima/workspace/rails/actionpack/lib/action_dispatch/middleware/callbacks.rb:28:in `call'
  /Users/akima/workspace/rails/actionpack/lib/action_dispatch/middleware/reloader.rb:91:in `call'
  /Users/akima/.rvm/gems/ruby-1.9.2-head/gems/rack-1.3.6/lib/rack/sendfile.rb:101:in `call'
  /Users/akima/workspace/rails/actionpack/lib/action_dispatch/middleware/remote_ip.rb:48:in `call'
  /Users/akima/workspace/rails/actionpack/lib/action_dispatch/middleware/show_exceptions.rb:47:in `call'
  /Users/akima/workspace/rails/railties/lib/rails/rack/logger.rb:13:in `call'
  /Users/akima/.rvm/gems/ruby-1.9.2-head/gems/rack-1.3.6/lib/rack/methodoverride.rb:24:in `call'
  /Users/akima/.rvm/gems/ruby-1.9.2-head/gems/rack-1.3.6/lib/rack/runtime.rb:17:in `call'
  /Users/akima/workspace/rails/activesupport/lib/active_support/cache/strategy/local_cache.rb:72:in `call'
  /Users/akima/.rvm/gems/ruby-1.9.2-head/gems/rack-1.3.6/lib/rack/lock.rb:15:in `call'
  /Users/akima/workspace/rails/actionpack/lib/action_dispatch/middleware/static.rb:53:in `call'
  /Users/akima/workspace/rails/railties/lib/rails/engine.rb:456:in `call'
  /Users/akima/workspace/rails/railties/lib/rails/application.rb:143:in `call'
  /Users/akima/.rvm/gems/ruby-1.9.2-head/gems/rack-1.3.6/lib/rack/content_length.rb:14:in `call'
  /Users/akima/workspace/rails/railties/lib/rails/rack/log_tailer.rb:14:in `call'
  /Users/akima/.rvm/gems/ruby-1.9.2-head/gems/rack-1.3.6/lib/rack/handler/webrick.rb:59:in `service'
  /Users/akima/.rvm/rubies/ruby-1.9.2-head/lib/ruby/1.9.1/webrick/httpserver.rb:111:in `service'
  /Users/akima/.rvm/rubies/ruby-1.9.2-head/lib/ruby/1.9.1/webrick/httpserver.rb:70:in `run'
  /Users/akima/.rvm/rubies/ruby-1.9.2-head/lib/ruby/1.9.1/webrick/server.rb:183:in `block in start_thread'
ActionDispatch::Reloader.to_prepare(&#<Proc:0x007fca3f7f3f30@/Users/akima/workspace/rails/activerecord/lib/active_record/railtie.rb:94>)
  /Users/akima/workspace/rails/activerecord/lib/active_record/railtie.rb:94:in `block (2 levels) in <class:Railtie>'
  /Users/akima/workspace/rails/activesupport/lib/active_support/lazy_load_hooks.rb:36:in `instance_eval'
  /Users/akima/workspace/rails/activesupport/lib/active_support/lazy_load_hooks.rb:36:in `execute_hook'
  /Users/akima/workspace/rails/activesupport/lib/active_support/lazy_load_hooks.rb:43:in `block in run_load_hooks'
  /Users/akima/workspace/rails/activesupport/lib/active_support/lazy_load_hooks.rb:42:in `each'
  /Users/akima/workspace/rails/activesupport/lib/active_support/lazy_load_hooks.rb:42:in `run_load_hooks'
  /Users/akima/workspace/rails/activerecord/lib/active_record/base.rb:2188:in `<top (required)>'
  /Users/akima/workspace/rails/activerecord/lib/active_record/query_cache.rb:61:in `call'
  /Users/akima/workspace/rails/activerecord/lib/active_record/connection_adapters/abstract/connection_pool.rb:477:in `call'
  /Users/akima/workspace/rails/actionpack/lib/action_dispatch/middleware/callbacks.rb:29:in `block in call'
  /Users/akima/workspace/rails/activesupport/lib/active_support/callbacks.rb:392:in `_run_call_callbacks'
  /Users/akima/workspace/rails/activesupport/lib/active_support/callbacks.rb:81:in `run_callbacks'
  /Users/akima/workspace/rails/actionpack/lib/action_dispatch/middleware/callbacks.rb:28:in `call'
  /Users/akima/workspace/rails/actionpack/lib/action_dispatch/middleware/reloader.rb:91:in `call'
  /Users/akima/.rvm/gems/ruby-1.9.2-head/gems/rack-1.3.6/lib/rack/sendfile.rb:101:in `call'
  /Users/akima/workspace/rails/actionpack/lib/action_dispatch/middleware/remote_ip.rb:48:in `call'
  /Users/akima/workspace/rails/actionpack/lib/action_dispatch/middleware/show_exceptions.rb:47:in `call'
  /Users/akima/workspace/rails/railties/lib/rails/rack/logger.rb:13:in `call'
  /Users/akima/.rvm/gems/ruby-1.9.2-head/gems/rack-1.3.6/lib/rack/methodoverride.rb:24:in `call'
  /Users/akima/.rvm/gems/ruby-1.9.2-head/gems/rack-1.3.6/lib/rack/runtime.rb:17:in `call'
  /Users/akima/workspace/rails/activesupport/lib/active_support/cache/strategy/local_cache.rb:72:in `call'
  /Users/akima/.rvm/gems/ruby-1.9.2-head/gems/rack-1.3.6/lib/rack/lock.rb:15:in `call'
  /Users/akima/workspace/rails/actionpack/lib/action_dispatch/middleware/static.rb:53:in `call'
  /Users/akima/workspace/rails/railties/lib/rails/engine.rb:456:in `call'
  /Users/akima/workspace/rails/railties/lib/rails/application.rb:143:in `call'
  /Users/akima/.rvm/gems/ruby-1.9.2-head/gems/rack-1.3.6/lib/rack/content_length.rb:14:in `call'
  /Users/akima/workspace/rails/railties/lib/rails/rack/log_tailer.rb:14:in `call'
  /Users/akima/.rvm/gems/ruby-1.9.2-head/gems/rack-1.3.6/lib/rack/handler/webrick.rb:59:in `service'
  /Users/akima/.rvm/rubies/ruby-1.9.2-head/lib/ruby/1.9.1/webrick/httpserver.rb:111:in `service'
  /Users/akima/.rvm/rubies/ruby-1.9.2-head/lib/ruby/1.9.1/webrick/httpserver.rb:70:in `run'
  /Users/akima/.rvm/rubies/ruby-1.9.2-head/lib/ruby/1.9.1/webrick/server.rb:183:in `block in start_thread'


Started GET "/tests/foo?idx=1" for 127.0.0.1 at 2012-01-13 09:55:50 +0900
  Processing by TestsController#foo as HTML
  Parameters: {"idx"=>"1"}
Rendered text template (0.0ms)
Completed 200 OK in 12ms (Views: 11.7ms | ActiveRecord: 0.0ms)
ActiveRecord::ConnectionAdapters::ConnectionManagement::Proxy#close
  /Users/akima/.rvm/gems/ruby-1.9.2-head/gems/rack-1.3.6/lib/rack/handler/webrick.rb:75:in `service'
  /Users/akima/.rvm/rubies/ruby-1.9.2-head/lib/ruby/1.9.1/webrick/httpserver.rb:111:in `service'
  /Users/akima/.rvm/rubies/ruby-1.9.2-head/lib/ruby/1.9.1/webrick/httpserver.rb:70:in `run'
  /Users/akima/.rvm/rubies/ruby-1.9.2-head/lib/ruby/1.9.1/webrick/server.rb:183:in `block in start_thread'
ActionDispatch::Reloader.cleanup!
  /Users/akima/workspace/rails/actionpack/lib/action_dispatch/middleware/reloader.rb:84:in `close'
  /Users/akima/.rvm/gems/ruby-1.9.2-head/gems/rack-1.3.6/lib/rack/body_proxy.rb:14:in `close'
  /Users/akima/.rvm/gems/ruby-1.9.2-head/gems/rack-1.3.6/lib/rack/handler/webrick.rb:75:in `service'
  /Users/akima/.rvm/rubies/ruby-1.9.2-head/lib/ruby/1.9.1/webrick/httpserver.rb:111:in `service'
  /Users/akima/.rvm/rubies/ruby-1.9.2-head/lib/ruby/1.9.1/webrick/httpserver.rb:70:in `run'
  /Users/akima/.rvm/rubies/ruby-1.9.2-head/lib/ruby/1.9.1/webrick/server.rb:183:in `block in start_thread'
ActionDispatch::Reloader#initialize(nil)
  /Users/akima/workspace/rails/actionpack/lib/action_dispatch/middleware/reloader.rb:55:in `new'
  /Users/akima/workspace/rails/actionpack/lib/action_dispatch/middleware/reloader.rb:55:in `cleanup!'
  /Users/akima/workspace/rails/actionpack/lib/action_dispatch/middleware/reloader.rb:84:in `close'
  /Users/akima/.rvm/gems/ruby-1.9.2-head/gems/rack-1.3.6/lib/rack/body_proxy.rb:14:in `close'
  /Users/akima/.rvm/gems/ruby-1.9.2-head/gems/rack-1.3.6/lib/rack/handler/webrick.rb:75:in `service'
  /Users/akima/.rvm/rubies/ruby-1.9.2-head/lib/ruby/1.9.1/webrick/httpserver.rb:111:in `service'
  /Users/akima/.rvm/rubies/ruby-1.9.2-head/lib/ruby/1.9.1/webrick/httpserver.rb:70:in `run'
  /Users/akima/.rvm/rubies/ruby-1.9.2-head/lib/ruby/1.9.1/webrick/server.rb:183:in `block in start_thread'
ActionDispatch::Reloader#call({"GATEWAY_INTERFACE"=>"CGI/1.1", "PATH_INFO"=>"/tests/foo", "QUERY_STRING"=>"idx=2", "REMOTE_ADDR"=>"127.0.0.1", "REMOTE_HOST"=>"localhost", "REQUEST_METHOD"=>"GET", "REQUEST_URI"=>"http://localhost:3000/tests/foo?idx=2", "SCRIPT_NAME"=>"", "SERVER_NAME"=>"localhost", "SERVER_PORT"=>"3000", "SERVER_PROTOCOL"=>"HTTP/1.1", "SERVER_SOFTWARE"=>"WEBrick/1.3.1 (Ruby/1.9.2/2011-08-11)", "HTTP_HOST"=>"localhost:3000", "HTTP_CONNECTION"=>"keep-alive", "HTTP_USER_AGENT"=>"Mozilla/5.0 (Macintosh; Intel Mac OS X 10_7_2) AppleWebKit/535.7 (KHTML, like Gecko) Chrome/16.0.912.75 Safari/535.7", "HTTP_ACCEPT"=>"text/html,application/xhtml+xml,application/xml;q=0.9,*/*;q=0.8", "HTTP_ACCEPT_ENCODING"=>"gzip,deflate,sdch", "HTTP_ACCEPT_LANGUAGE"=>"ja,en-US;q=0.8,en;q=0.6", "HTTP_ACCEPT_CHARSET"=>"Shift_JIS,utf-8;q=0.7,*;q=0.3", "HTTP_COOKIE"=>"_tengine_console_session=BAh7B0kiD3Nlc3Npb25faWQGOgZFRkkiJTk4OWQ5YTg3YWU5ZjIxZTJiN2I0ZGM1Y2NjNGIzZTNiBjsAVEkiEF9jc3JmX3Rva2VuBjsARkkiMWJkYlBndnVXN3BMa3BrR0c2dHRIeENITFJBTXVmUDNnZjRUdEE1OVI0OEE9BjsARg%3D%3D--896b051974b786faf7d6c48ee07f8a12c5ce4acd; _rails3_20120111_session=BAh7B0kiD3Nlc3Npb25faWQGOgZFRkkiJTBkOWVjYTQxOTczZWMyNzIyOTE5MDQwYTc1OGFkNDM2BjsAVEkiEF9jc3JmX3Rva2VuBjsARkkiMUdoNmJyeGVNNTE0YzNuUjVDQWVubFJVWDVPVS93ODZDcGlVeVFEOGJicVk9BjsARg%3D%3D--1271cbd352632414a9d54d7e1334ef7afe57b527", "HTTP_IF_NONE_MATCH"=>"\"acbd18db4cc2f85cedef654fccc4a4d8\"", "rack.version"=>[1, 1], "rack.input"=>#<StringIO:0x007fca3d1e2120>, "rack.errors"=>#<IO:<STDERR>>, "rack.multithread"=>false, "rack.multiprocess"=>false, "rack.run_once"=>false, "rack.url_scheme"=>"http", "HTTP_VERSION"=>"HTTP/1.1", "REQUEST_PATH"=>"/tests/foo", "ORIGINAL_FULLPATH"=>"/tests/foo?idx=2", "action_dispatch.routes"=>#<ActionDispatch::Routing::RouteSet:0x007fca3f6b0ec0 @routes=[       /assets                                  {}, GET    /tests/foo(.:format)                     {:controller=>"tests", :action=>"foo"},        /rails/info/properties(.:format)         {:controller=>"rails/info", :action=>"properties"}], @named_routes=#<ActionDispatch::Routing::RouteSet::NamedRouteCollection:0x007fca3b263a60 @routes={:tests_foo=>GET    /tests/foo(.:format)                     {:controller=>"tests", :action=>"foo"}, :rails_info_properties=>       /rails/info/properties(.:format)         {:controller=>"rails/info", :action=>"properties"}}, @helpers=[:hash_for_tests_foo_url, :tests_foo_url, :hash_for_tests_foo_path, :tests_foo_path, :hash_for_rails_info_properties_url, :rails_info_properties_url, :hash_for_rails_info_properties_path, :rails_info_properties_path], @module=#<Module:0x007fca3b2638f8>>, @resources_path_names={:new=>"new", :edit=>"edit"}, @default_url_options={}, @request_class=ActionDispatch::Request, @valid_conditions=[:ignore_accept_header, :ignore_accept_header=, :auth_type, :gateway_interface, :path_translated, :remote_host, :remote_ident, :remote_user, :remote_addr, :server_name, :server_protocol, :accept, :accept_charset, :accept_encoding, :accept_language, :cache_control, :from, :negotiate, :pragma, :key?, :request_method, :request_method_symbol, :method, :method_symbol, :get?, :post?, :put?, :delete?, :head?, :headers, :original_fullpath, :fullpath, :original_url, :forgery_whitelisted?, :forgery_whitelisted_with_deprecation?, :forgery_whitelisted_without_deprecation?, :media_type, :content_length, :xml_http_request?, :xhr?, :ip, :remote_ip, :server_software, :raw_post, :body, :form_data?, :body_stream, :reset_session, :session=, :session_options=, :GET, :query_parameters, :POST, :request_parameters, :authorization, :local?, :tld_length, :tld_length=, :url, :protocol, :raw_host_with_port, :host, :host_with_port, :port, :standard_port, :standard_port?, :optional_port, :port_string, :server_port, :domain, :subdomains, :subdomain, :filtered_parameters, :filtered_env, :filtered_path, :parameters, :params, :path_parameters=, :symbolized_path_parameters, :path_parameters, :content_mime_type, :content_type, :accepts, :format, :formats, :format=, :negotiate_mime, :if_modified_since, :if_none_match, :not_modified?, :etag_matches?, :fresh?, :env, :script_name, :path_info, :query_string, :session, :session_options, :logger, :media_type_params, :content_charset, :scheme, :ssl?, :script_name=, :path_info=, :options?, :patch?, :trace?, :parseable_data?, :[], :[]=, :values_at, :referer, :referrer, :user_agent, :cookies, :base_url, :path, :psych_to_yaml, :to_yaml_properties, :to_yaml, :in?, :blank?, :present?, :presence, :acts_like?, :try, :html_safe?, :duplicable?, :to_param, :to_query, :require_or_load, :require_dependency, :require_association, :load_dependency, :load, :require, :unloadable, :nil?, :===, :=~, :!~, :eql?, :hash, :<=>, :class, :singleton_class, :clone, :dup, :initialize_dup, :initialize_clone, :taint, :tainted?, :untaint, :untrust, :untrusted?, :trust, :freeze, :frozen?, :to_s, :inspect, :methods, :singleton_methods, :protected_methods, :private_methods, :public_methods, :instance_variables, :instance_variable_get, :instance_variable_set, :instance_variable_defined?, :instance_of?, :kind_of?, :is_a?, :tap, :send, :public_send, :respond_to?, :respond_to_missing?, :extend, :display, :public_method, :define_singleton_method, :__id__, :object_id, :to_enum, :enum_for, :gem, :psych_y, :y, :silence_warnings, :enable_warnings, :with_warnings, :silence_stderr, :silence_stream, :suppress, :capture, :silence, :quietly, :class_eval, :==, :equal?, :!, :!=, :instance_eval, :instance_exec, :__send__, :controller, :action], @append=[#<Proc:0x007fca3ce4f468@/Users/akima/workspace/rails/railties/lib/rails/application/finisher.rb:30>], @prepend=[#<Proc:0x007fca3cba9c68@/Users/akima/workspace/rails/actionpack/lib/sprockets/bootstrap.rb:27>], @disable_clear_and_finalize=false, @finalized=true, @set=#<Rack::Mount::RouteSet:0x007fca3cba98a8 @parameters_key="action_dispatch.request.path_parameters", @named_routes={:tests_foo=>#<Rack::Mount::Route @app=#<ActionDispatch::Routing::RouteSet::Dispatcher:0x007fca3d0e55d8 @defaults={:controller=>"tests", :action=>"foo"}, @glob_param=nil, @controllers={"tests"=>#<ActiveSupport::Dependencies::ClassCache:0x007fca3cbc7e48 @store={}>}> @conditions={:path_info=>/\A\/tests\/foo(?:\.(?<format>[^\/.?]+))?\Z/, :request_method=>/^GET$/} @defaults={:controller=>"tests", :action=>"foo"} @name=:tests_foo>, :rails_info_properties=>#<Rack::Mount::Route @app=#<ActionDispatch::Routing::RouteSet::Dispatcher:0x007fca3d17f728 @defaults={:controller=>"rails/info", :action=>"properties"}, @glob_param=nil, @controllers={}> @conditions={:path_info=>/\A\/rails\/info\/properties(?:\.(?<format>[^\/.?]+))?\Z/} @defaults={:controller=>"rails/info", :action=>"properties"} @name=:rails_info_properties>}, @recognition_key_analyzer=nil, @generation_keys=[:controller, :action], @generation_route_keys=nil, @request_class=ActionDispatch::Request, @valid_conditions=nil, @optimized_recognize_defined=true, @routes=[#<Rack::Mount::Route @app=#<Rack::Mount::Prefix:0x007fca3d0b7d90 @prefix=nil, @app=#<Sprockets::Environment:0x3fe51fb92e88 root="/Users/akima/workspace/rails3_20120112", paths=["/Users/akima/workspace/rails3_20120112/app/assets/images", "/Users/akima/workspace/rails3_20120112/app/assets/javascripts", "/Users/akima/workspace/rails3_20120112/app/assets/stylesheets", "/Users/akima/workspace/rails3_20120112/vendor/assets/stylesheets", "/Users/akima/.rvm/gems/ruby-1.9.2-head/gems/jquery-rails-1.0.19/vendor/assets/javascripts"], digest="46dde6621c301f4928e3b34efee9e3b5">> @conditions={:path_info=>/\A\/assets/} @defaults={} @name=nil>, #<Rack::Mount::Route @app=#<ActionDispatch::Routing::RouteSet::Dispatcher:0x007fca3d0e55d8 @defaults={:controller=>"tests", :action=>"foo"}, @glob_param=nil, @controllers={"tests"=>#<ActiveSupport::Dependencies::ClassCache:0x007fca3cbc7e48 @store={}>}> @conditions={:path_info=>/\A\/tests\/foo(?:\.(?<format>[^\/.?]+))?\Z/, :request_method=>/^GET$/} @defaults={:controller=>"tests", :action=>"foo"} @name=:tests_foo>, #<Rack::Mount::Route @app=#<ActionDispatch::Routing::RouteSet::Dispatcher:0x007fca3d17f728 @defaults={:controller=>"rails/info", :action=>"properties"}, @glob_param=nil, @controllers={}> @conditions={:path_info=>/\A\/rails\/info\/properties(?:\.(?<format>[^\/.?]+))?\Z/} @defaults={:controller=>"rails/info", :action=>"properties"} @name=:rails_info_properties>], @recognition_graph=#<Rack::Mount::Multimap:0x007fca3d0b6c60 @hash={"tests"=>#<Rack::Mount::Multimap:0x007fca3d0b6990 @hash={"foo"=>[#<Rack::Mount::Route @app=#<Rack::Mount::Prefix:0x007fca3d0b7d90 @prefix=nil, @app=#<Sprockets::Environment:0x3fe51fb92e88 root="/Users/akima/workspace/rails3_20120112", paths=["/Users/akima/workspace/rails3_20120112/app/assets/images", "/Users/akima/workspace/rails3_20120112/app/assets/javascripts", "/Users/akima/workspace/rails3_20120112/app/assets/stylesheets", "/Users/akima/workspace/rails3_20120112/vendor/assets/stylesheets", "/Users/akima/.rvm/gems/ruby-1.9.2-head/gems/jquery-rails-1.0.19/vendor/assets/javascripts"], digest="46dde6621c301f4928e3b34efee9e3b5">> @conditions={:path_info=>/\A\/assets/} @defaults={} @name=nil>, #<Rack::Mount::Route @app=#<ActionDispatch::Routing::RouteSet::Dispatcher:0x007fca3d0e55d8 @defaults={:controller=>"tests", :action=>"foo"}, @glob_param=nil, @controllers={"tests"=>#<ActiveSupport::Dependencies::ClassCache:0x007fca3cbc7e48 @store={}>}> @conditions={:path_info=>/\A\/tests\/foo(?:\.(?<format>[^\/.?]+))?\Z/, :request_method=>/^GET$/} @defaults={:controller=>"tests", :action=>"foo"} @name=:tests_foo>]}>, "rails"=>#<Rack::Mount::Multimap:0x007fca3d0b66c0 @hash={"info"=>[#<Rack::Mount::Route @app=#<Rack::Mount::Prefix:0x007fca3d0b7d90 @prefix=nil, @app=#<Sprockets::Environment:0x3fe51fb92e88 root="/Users/akima/workspace/rails3_20120112", paths=["/Users/akima/workspace/rails3_20120112/app/assets/images", "/Users/akima/workspace/rails3_20120112/app/assets/javascripts", "/Users/akima/workspace/rails3_20120112/app/assets/stylesheets", "/Users/akima/workspace/rails3_20120112/vendor/assets/stylesheets", "/Users/akima/.rvm/gems/ruby-1.9.2-head/gems/jquery-rails-1.0.19/vendor/assets/javascripts"], digest="46dde6621c301f4928e3b34efee9e3b5">> @conditions={:path_info=>/\A\/assets/} @defaults={} @name=nil>, #<Rack::Mount::Route @app=#<ActionDispatch::Routing::RouteSet::Dispatcher:0x007fca3d17f728 @defaults={:controller=>"rails/info", :action=>"properties"}, @glob_param=nil, @controllers={}> @conditions={:path_info=>/\A\/rails\/info\/properties(?:\.(?<format>[^\/.?]+))?\Z/} @defaults={:controller=>"rails/info", :action=>"properties"} @name=:rails_info_properties>]}>}>, @recognition_keys=[path_info[0].split(/\/|\./), path_info[1].split(/\/|\./)], @generation_graph=#<Rack::Mount::Multimap:0x007fca3d0b6058 @hash={"tests"=>#<Rack::Mount::Multimap:0x007fca3d0b49d8 @hash={"foo"=>[#<Rack::Mount::Route @app=#<ActionDispatch::Routing::RouteSet::Dispatcher:0x007fca3d0e55d8 @defaults={:controller=>"tests", :action=>"foo"}, @glob_param=nil, @controllers={"tests"=>#<ActiveSupport::Dependencies::ClassCache:0x007fca3cbc7e48 @store={}>}> @conditions={:path_info=>/\A\/tests\/foo(?:\.(?<format>[^\/.?]+))?\Z/, :request_method=>/^GET$/} @defaults={:controller=>"tests", :action=>"foo"} @name=:tests_foo>]}>, "rails/info"=>#<Rack::Mount::Multimap:0x007fca3d0b1b20 @hash={"properties"=>[#<Rack::Mount::Route @app=#<ActionDispatch::Routing::RouteSet::Dispatcher:0x007fca3d17f728 @defaults={:controller=>"rails/info", :action=>"properties"}, @glob_param=nil, @controllers={}> @conditions={:path_info=>/\A\/rails\/info\/properties(?:\.(?<format>[^\/.?]+))?\Z/} @defaults={:controller=>"rails/info", :action=>"properties"} @name=:rails_info_properties>]}>}>, @stubbed_request_class=#<Class:0x007fca3d04eca0>>, @url_helpers=#<Module:0x007fca3f62bf40>>, "action_dispatch.parameter_filter"=>[:password], "action_dispatch.secret_token"=>"ef3ee6bc3a7e8d8e8c7a97d13b9bf39c3c666377fc5642664c5ce89db9602e07e385d40ecd2d8b58347c8836ae1644016f95066194d3b0093f45545d2bd42297", "action_dispatch.show_exceptions"=>true, "action_dispatch.remote_ip"=>127.0.0.1})
  /Users/akima/.rvm/gems/ruby-1.9.2-head/gems/rack-1.3.6/lib/rack/sendfile.rb:101:in `call'
  /Users/akima/workspace/rails/actionpack/lib/action_dispatch/middleware/remote_ip.rb:48:in `call'
  /Users/akima/workspace/rails/actionpack/lib/action_dispatch/middleware/show_exceptions.rb:47:in `call'
  /Users/akima/workspace/rails/railties/lib/rails/rack/logger.rb:13:in `call'
  /Users/akima/.rvm/gems/ruby-1.9.2-head/gems/rack-1.3.6/lib/rack/methodoverride.rb:24:in `call'
  /Users/akima/.rvm/gems/ruby-1.9.2-head/gems/rack-1.3.6/lib/rack/runtime.rb:17:in `call'
  /Users/akima/workspace/rails/activesupport/lib/active_support/cache/strategy/local_cache.rb:72:in `call'
  /Users/akima/.rvm/gems/ruby-1.9.2-head/gems/rack-1.3.6/lib/rack/lock.rb:15:in `call'
  /Users/akima/workspace/rails/actionpack/lib/action_dispatch/middleware/static.rb:53:in `call'
  /Users/akima/workspace/rails/railties/lib/rails/engine.rb:456:in `call'
  /Users/akima/workspace/rails/railties/lib/rails/application.rb:143:in `call'
  /Users/akima/.rvm/gems/ruby-1.9.2-head/gems/rack-1.3.6/lib/rack/content_length.rb:14:in `call'
  /Users/akima/workspace/rails/railties/lib/rails/rack/log_tailer.rb:14:in `call'
  /Users/akima/.rvm/gems/ruby-1.9.2-head/gems/rack-1.3.6/lib/rack/handler/webrick.rb:59:in `service'
  /Users/akima/.rvm/rubies/ruby-1.9.2-head/lib/ruby/1.9.1/webrick/httpserver.rb:111:in `service'
  /Users/akima/.rvm/rubies/ruby-1.9.2-head/lib/ruby/1.9.1/webrick/httpserver.rb:70:in `run'
  /Users/akima/.rvm/rubies/ruby-1.9.2-head/lib/ruby/1.9.1/webrick/server.rb:183:in `block in start_thread'


Started GET "/tests/foo?idx=2" for 127.0.0.1 at 2012-01-13 09:55:53 +0900
  Processing by TestsController#foo as HTML
  Parameters: {"idx"=>"2"}
Rendered text template (0.0ms)
Completed 200 OK in 2ms (Views: 1.8ms | ActiveRecord: 0.0ms)
ActiveRecord::ConnectionAdapters::ConnectionManagement::Proxy#close
  /Users/akima/.rvm/gems/ruby-1.9.2-head/gems/rack-1.3.6/lib/rack/handler/webrick.rb:75:in `service'
  /Users/akima/.rvm/rubies/ruby-1.9.2-head/lib/ruby/1.9.1/webrick/httpserver.rb:111:in `service'
  /Users/akima/.rvm/rubies/ruby-1.9.2-head/lib/ruby/1.9.1/webrick/httpserver.rb:70:in `run'
  /Users/akima/.rvm/rubies/ruby-1.9.2-head/lib/ruby/1.9.1/webrick/server.rb:183:in `block in start_thread'
ActionDispatch::Reloader.cleanup!
  /Users/akima/workspace/rails/actionpack/lib/action_dispatch/middleware/reloader.rb:84:in `close'
  /Users/akima/.rvm/gems/ruby-1.9.2-head/gems/rack-1.3.6/lib/rack/body_proxy.rb:14:in `close'
  /Users/akima/.rvm/gems/ruby-1.9.2-head/gems/rack-1.3.6/lib/rack/handler/webrick.rb:75:in `service'
  /Users/akima/.rvm/rubies/ruby-1.9.2-head/lib/ruby/1.9.1/webrick/httpserver.rb:111:in `service'
  /Users/akima/.rvm/rubies/ruby-1.9.2-head/lib/ruby/1.9.1/webrick/httpserver.rb:70:in `run'
  /Users/akima/.rvm/rubies/ruby-1.9.2-head/lib/ruby/1.9.1/webrick/server.rb:183:in `block in start_thread'
ActionDispatch::Reloader#initialize(nil)
  /Users/akima/workspace/rails/actionpack/lib/action_dispatch/middleware/reloader.rb:55:in `new'
  /Users/akima/workspace/rails/actionpack/lib/action_dispatch/middleware/reloader.rb:55:in `cleanup!'
  /Users/akima/workspace/rails/actionpack/lib/action_dispatch/middleware/reloader.rb:84:in `close'
  /Users/akima/.rvm/gems/ruby-1.9.2-head/gems/rack-1.3.6/lib/rack/body_proxy.rb:14:in `close'
  /Users/akima/.rvm/gems/ruby-1.9.2-head/gems/rack-1.3.6/lib/rack/handler/webrick.rb:75:in `service'
  /Users/akima/.rvm/rubies/ruby-1.9.2-head/lib/ruby/1.9.1/webrick/httpserver.rb:111:in `service'
  /Users/akima/.rvm/rubies/ruby-1.9.2-head/lib/ruby/1.9.1/webrick/httpserver.rb:70:in `run'
  /Users/akima/.rvm/rubies/ruby-1.9.2-head/lib/ruby/1.9.1/webrick/server.rb:183:in `block in start_thread'
ActionDispatch::Reloader#call({"GATEWAY_INTERFACE"=>"CGI/1.1", "PATH_INFO"=>"/tests/foo", "QUERY_STRING"=>"idx=3", "REMOTE_ADDR"=>"127.0.0.1", "REMOTE_HOST"=>"localhost", "REQUEST_METHOD"=>"GET", "REQUEST_URI"=>"http://localhost:3000/tests/foo?idx=3", "SCRIPT_NAME"=>"", "SERVER_NAME"=>"localhost", "SERVER_PORT"=>"3000", "SERVER_PROTOCOL"=>"HTTP/1.1", "SERVER_SOFTWARE"=>"WEBrick/1.3.1 (Ruby/1.9.2/2011-08-11)", "HTTP_HOST"=>"localhost:3000", "HTTP_CONNECTION"=>"keep-alive", "HTTP_USER_AGENT"=>"Mozilla/5.0 (Macintosh; Intel Mac OS X 10_7_2) AppleWebKit/535.7 (KHTML, like Gecko) Chrome/16.0.912.75 Safari/535.7", "HTTP_ACCEPT"=>"text/html,application/xhtml+xml,application/xml;q=0.9,*/*;q=0.8", "HTTP_ACCEPT_ENCODING"=>"gzip,deflate,sdch", "HTTP_ACCEPT_LANGUAGE"=>"ja,en-US;q=0.8,en;q=0.6", "HTTP_ACCEPT_CHARSET"=>"Shift_JIS,utf-8;q=0.7,*;q=0.3", "HTTP_COOKIE"=>"_tengine_console_session=BAh7B0kiD3Nlc3Npb25faWQGOgZFRkkiJTk4OWQ5YTg3YWU5ZjIxZTJiN2I0ZGM1Y2NjNGIzZTNiBjsAVEkiEF9jc3JmX3Rva2VuBjsARkkiMWJkYlBndnVXN3BMa3BrR0c2dHRIeENITFJBTXVmUDNnZjRUdEE1OVI0OEE9BjsARg%3D%3D--896b051974b786faf7d6c48ee07f8a12c5ce4acd; _rails3_20120111_session=BAh7B0kiD3Nlc3Npb25faWQGOgZFRkkiJTBkOWVjYTQxOTczZWMyNzIyOTE5MDQwYTc1OGFkNDM2BjsAVEkiEF9jc3JmX3Rva2VuBjsARkkiMUdoNmJyeGVNNTE0YzNuUjVDQWVubFJVWDVPVS93ODZDcGlVeVFEOGJicVk9BjsARg%3D%3D--1271cbd352632414a9d54d7e1334ef7afe57b527", "HTTP_IF_NONE_MATCH"=>"\"acbd18db4cc2f85cedef654fccc4a4d8\"", "rack.version"=>[1, 1], "rack.input"=>#<StringIO:0x007fca3cd89e70>, "rack.errors"=>#<IO:<STDERR>>, "rack.multithread"=>false, "rack.multiprocess"=>false, "rack.run_once"=>false, "rack.url_scheme"=>"http", "HTTP_VERSION"=>"HTTP/1.1", "REQUEST_PATH"=>"/tests/foo", "ORIGINAL_FULLPATH"=>"/tests/foo?idx=3", "action_dispatch.routes"=>#<ActionDispatch::Routing::RouteSet:0x007fca3f6b0ec0 @routes=[       /assets                                  {}, GET    /tests/foo(.:format)                     {:controller=>"tests", :action=>"foo"},        /rails/info/properties(.:format)         {:controller=>"rails/info", :action=>"properties"}], @named_routes=#<ActionDispatch::Routing::RouteSet::NamedRouteCollection:0x007fca3b263a60 @routes={:tests_foo=>GET    /tests/foo(.:format)                     {:controller=>"tests", :action=>"foo"}, :rails_info_properties=>       /rails/info/properties(.:format)         {:controller=>"rails/info", :action=>"properties"}}, @helpers=[:hash_for_tests_foo_url, :tests_foo_url, :hash_for_tests_foo_path, :tests_foo_path, :hash_for_rails_info_properties_url, :rails_info_properties_url, :hash_for_rails_info_properties_path, :rails_info_properties_path], @module=#<Module:0x007fca3b2638f8>>, @resources_path_names={:new=>"new", :edit=>"edit"}, @default_url_options={}, @request_class=ActionDispatch::Request, @valid_conditions=[:ignore_accept_header, :ignore_accept_header=, :auth_type, :gateway_interface, :path_translated, :remote_host, :remote_ident, :remote_user, :remote_addr, :server_name, :server_protocol, :accept, :accept_charset, :accept_encoding, :accept_language, :cache_control, :from, :negotiate, :pragma, :key?, :request_method, :request_method_symbol, :method, :method_symbol, :get?, :post?, :put?, :delete?, :head?, :headers, :original_fullpath, :fullpath, :original_url, :forgery_whitelisted?, :forgery_whitelisted_with_deprecation?, :forgery_whitelisted_without_deprecation?, :media_type, :content_length, :xml_http_request?, :xhr?, :ip, :remote_ip, :server_software, :raw_post, :body, :form_data?, :body_stream, :reset_session, :session=, :session_options=, :GET, :query_parameters, :POST, :request_parameters, :authorization, :local?, :tld_length, :tld_length=, :url, :protocol, :raw_host_with_port, :host, :host_with_port, :port, :standard_port, :standard_port?, :optional_port, :port_string, :server_port, :domain, :subdomains, :subdomain, :filtered_parameters, :filtered_env, :filtered_path, :parameters, :params, :path_parameters=, :symbolized_path_parameters, :path_parameters, :content_mime_type, :content_type, :accepts, :format, :formats, :format=, :negotiate_mime, :if_modified_since, :if_none_match, :not_modified?, :etag_matches?, :fresh?, :env, :script_name, :path_info, :query_string, :session, :session_options, :logger, :media_type_params, :content_charset, :scheme, :ssl?, :script_name=, :path_info=, :options?, :patch?, :trace?, :parseable_data?, :[], :[]=, :values_at, :referer, :referrer, :user_agent, :cookies, :base_url, :path, :psych_to_yaml, :to_yaml_properties, :to_yaml, :in?, :blank?, :present?, :presence, :acts_like?, :try, :html_safe?, :duplicable?, :to_param, :to_query, :require_or_load, :require_dependency, :require_association, :load_dependency, :load, :require, :unloadable, :nil?, :===, :=~, :!~, :eql?, :hash, :<=>, :class, :singleton_class, :clone, :dup, :initialize_dup, :initialize_clone, :taint, :tainted?, :untaint, :untrust, :untrusted?, :trust, :freeze, :frozen?, :to_s, :inspect, :methods, :singleton_methods, :protected_methods, :private_methods, :public_methods, :instance_variables, :instance_variable_get, :instance_variable_set, :instance_variable_defined?, :instance_of?, :kind_of?, :is_a?, :tap, :send, :public_send, :respond_to?, :respond_to_missing?, :extend, :display, :public_method, :define_singleton_method, :__id__, :object_id, :to_enum, :enum_for, :gem, :psych_y, :y, :silence_warnings, :enable_warnings, :with_warnings, :silence_stderr, :silence_stream, :suppress, :capture, :silence, :quietly, :class_eval, :==, :equal?, :!, :!=, :instance_eval, :instance_exec, :__send__, :controller, :action], @append=[#<Proc:0x007fca3ce4f468@/Users/akima/workspace/rails/railties/lib/rails/application/finisher.rb:30>], @prepend=[#<Proc:0x007fca3cba9c68@/Users/akima/workspace/rails/actionpack/lib/sprockets/bootstrap.rb:27>], @disable_clear_and_finalize=false, @finalized=true, @set=#<Rack::Mount::RouteSet:0x007fca3cba98a8 @parameters_key="action_dispatch.request.path_parameters", @named_routes={:tests_foo=>#<Rack::Mount::Route @app=#<ActionDispatch::Routing::RouteSet::Dispatcher:0x007fca3d0e55d8 @defaults={:controller=>"tests", :action=>"foo"}, @glob_param=nil, @controllers={"tests"=>#<ActiveSupport::Dependencies::ClassCache:0x007fca3cbc7e48 @store={}>}> @conditions={:path_info=>/\A\/tests\/foo(?:\.(?<format>[^\/.?]+))?\Z/, :request_method=>/^GET$/} @defaults={:controller=>"tests", :action=>"foo"} @name=:tests_foo>, :rails_info_properties=>#<Rack::Mount::Route @app=#<ActionDispatch::Routing::RouteSet::Dispatcher:0x007fca3d17f728 @defaults={:controller=>"rails/info", :action=>"properties"}, @glob_param=nil, @controllers={}> @conditions={:path_info=>/\A\/rails\/info\/properties(?:\.(?<format>[^\/.?]+))?\Z/} @defaults={:controller=>"rails/info", :action=>"properties"} @name=:rails_info_properties>}, @recognition_key_analyzer=nil, @generation_keys=[:controller, :action], @generation_route_keys=nil, @request_class=ActionDispatch::Request, @valid_conditions=nil, @optimized_recognize_defined=true, @routes=[#<Rack::Mount::Route @app=#<Rack::Mount::Prefix:0x007fca3d0b7d90 @prefix=nil, @app=#<Sprockets::Environment:0x3fe51fb92e88 root="/Users/akima/workspace/rails3_20120112", paths=["/Users/akima/workspace/rails3_20120112/app/assets/images", "/Users/akima/workspace/rails3_20120112/app/assets/javascripts", "/Users/akima/workspace/rails3_20120112/app/assets/stylesheets", "/Users/akima/workspace/rails3_20120112/vendor/assets/stylesheets", "/Users/akima/.rvm/gems/ruby-1.9.2-head/gems/jquery-rails-1.0.19/vendor/assets/javascripts"], digest="46dde6621c301f4928e3b34efee9e3b5">> @conditions={:path_info=>/\A\/assets/} @defaults={} @name=nil>, #<Rack::Mount::Route @app=#<ActionDispatch::Routing::RouteSet::Dispatcher:0x007fca3d0e55d8 @defaults={:controller=>"tests", :action=>"foo"}, @glob_param=nil, @controllers={"tests"=>#<ActiveSupport::Dependencies::ClassCache:0x007fca3cbc7e48 @store={}>}> @conditions={:path_info=>/\A\/tests\/foo(?:\.(?<format>[^\/.?]+))?\Z/, :request_method=>/^GET$/} @defaults={:controller=>"tests", :action=>"foo"} @name=:tests_foo>, #<Rack::Mount::Route @app=#<ActionDispatch::Routing::RouteSet::Dispatcher:0x007fca3d17f728 @defaults={:controller=>"rails/info", :action=>"properties"}, @glob_param=nil, @controllers={}> @conditions={:path_info=>/\A\/rails\/info\/properties(?:\.(?<format>[^\/.?]+))?\Z/} @defaults={:controller=>"rails/info", :action=>"properties"} @name=:rails_info_properties>], @recognition_graph=#<Rack::Mount::Multimap:0x007fca3d0b6c60 @hash={"tests"=>#<Rack::Mount::Multimap:0x007fca3d0b6990 @hash={"foo"=>[#<Rack::Mount::Route @app=#<Rack::Mount::Prefix:0x007fca3d0b7d90 @prefix=nil, @app=#<Sprockets::Environment:0x3fe51fb92e88 root="/Users/akima/workspace/rails3_20120112", paths=["/Users/akima/workspace/rails3_20120112/app/assets/images", "/Users/akima/workspace/rails3_20120112/app/assets/javascripts", "/Users/akima/workspace/rails3_20120112/app/assets/stylesheets", "/Users/akima/workspace/rails3_20120112/vendor/assets/stylesheets", "/Users/akima/.rvm/gems/ruby-1.9.2-head/gems/jquery-rails-1.0.19/vendor/assets/javascripts"], digest="46dde6621c301f4928e3b34efee9e3b5">> @conditions={:path_info=>/\A\/assets/} @defaults={} @name=nil>, #<Rack::Mount::Route @app=#<ActionDispatch::Routing::RouteSet::Dispatcher:0x007fca3d0e55d8 @defaults={:controller=>"tests", :action=>"foo"}, @glob_param=nil, @controllers={"tests"=>#<ActiveSupport::Dependencies::ClassCache:0x007fca3cbc7e48 @store={}>}> @conditions={:path_info=>/\A\/tests\/foo(?:\.(?<format>[^\/.?]+))?\Z/, :request_method=>/^GET$/} @defaults={:controller=>"tests", :action=>"foo"} @name=:tests_foo>]}>, "rails"=>#<Rack::Mount::Multimap:0x007fca3d0b66c0 @hash={"info"=>[#<Rack::Mount::Route @app=#<Rack::Mount::Prefix:0x007fca3d0b7d90 @prefix=nil, @app=#<Sprockets::Environment:0x3fe51fb92e88 root="/Users/akima/workspace/rails3_20120112", paths=["/Users/akima/workspace/rails3_20120112/app/assets/images", "/Users/akima/workspace/rails3_20120112/app/assets/javascripts", "/Users/akima/workspace/rails3_20120112/app/assets/stylesheets", "/Users/akima/workspace/rails3_20120112/vendor/assets/stylesheets", "/Users/akima/.rvm/gems/ruby-1.9.2-head/gems/jquery-rails-1.0.19/vendor/assets/javascripts"], digest="46dde6621c301f4928e3b34efee9e3b5">> @conditions={:path_info=>/\A\/assets/} @defaults={} @name=nil>, #<Rack::Mount::Route @app=#<ActionDispatch::Routing::RouteSet::Dispatcher:0x007fca3d17f728 @defaults={:controller=>"rails/info", :action=>"properties"}, @glob_param=nil, @controllers={}> @conditions={:path_info=>/\A\/rails\/info\/properties(?:\.(?<format>[^\/.?]+))?\Z/} @defaults={:controller=>"rails/info", :action=>"properties"} @name=:rails_info_properties>]}>}>, @recognition_keys=[path_info[0].split(/\/|\./), path_info[1].split(/\/|\./)], @generation_graph=#<Rack::Mount::Multimap:0x007fca3d0b6058 @hash={"tests"=>#<Rack::Mount::Multimap:0x007fca3d0b49d8 @hash={"foo"=>[#<Rack::Mount::Route @app=#<ActionDispatch::Routing::RouteSet::Dispatcher:0x007fca3d0e55d8 @defaults={:controller=>"tests", :action=>"foo"}, @glob_param=nil, @controllers={"tests"=>#<ActiveSupport::Dependencies::ClassCache:0x007fca3cbc7e48 @store={}>}> @conditions={:path_info=>/\A\/tests\/foo(?:\.(?<format>[^\/.?]+))?\Z/, :request_method=>/^GET$/} @defaults={:controller=>"tests", :action=>"foo"} @name=:tests_foo>]}>, "rails/info"=>#<Rack::Mount::Multimap:0x007fca3d0b1b20 @hash={"properties"=>[#<Rack::Mount::Route @app=#<ActionDispatch::Routing::RouteSet::Dispatcher:0x007fca3d17f728 @defaults={:controller=>"rails/info", :action=>"properties"}, @glob_param=nil, @controllers={}> @conditions={:path_info=>/\A\/rails\/info\/properties(?:\.(?<format>[^\/.?]+))?\Z/} @defaults={:controller=>"rails/info", :action=>"properties"} @name=:rails_info_properties>]}>}>, @stubbed_request_class=#<Class:0x007fca3d04eca0>>, @url_helpers=#<Module:0x007fca3f62bf40>>, "action_dispatch.parameter_filter"=>[:password], "action_dispatch.secret_token"=>"ef3ee6bc3a7e8d8e8c7a97d13b9bf39c3c666377fc5642664c5ce89db9602e07e385d40ecd2d8b58347c8836ae1644016f95066194d3b0093f45545d2bd42297", "action_dispatch.show_exceptions"=>true, "action_dispatch.remote_ip"=>127.0.0.1})
  /Users/akima/.rvm/gems/ruby-1.9.2-head/gems/rack-1.3.6/lib/rack/sendfile.rb:101:in `call'
  /Users/akima/workspace/rails/actionpack/lib/action_dispatch/middleware/remote_ip.rb:48:in `call'
  /Users/akima/workspace/rails/actionpack/lib/action_dispatch/middleware/show_exceptions.rb:47:in `call'
  /Users/akima/workspace/rails/railties/lib/rails/rack/logger.rb:13:in `call'
  /Users/akima/.rvm/gems/ruby-1.9.2-head/gems/rack-1.3.6/lib/rack/methodoverride.rb:24:in `call'
  /Users/akima/.rvm/gems/ruby-1.9.2-head/gems/rack-1.3.6/lib/rack/runtime.rb:17:in `call'
  /Users/akima/workspace/rails/activesupport/lib/active_support/cache/strategy/local_cache.rb:72:in `call'
  /Users/akima/.rvm/gems/ruby-1.9.2-head/gems/rack-1.3.6/lib/rack/lock.rb:15:in `call'
  /Users/akima/workspace/rails/actionpack/lib/action_dispatch/middleware/static.rb:53:in `call'
  /Users/akima/workspace/rails/railties/lib/rails/engine.rb:456:in `call'
  /Users/akima/workspace/rails/railties/lib/rails/application.rb:143:in `call'
  /Users/akima/.rvm/gems/ruby-1.9.2-head/gems/rack-1.3.6/lib/rack/content_length.rb:14:in `call'
  /Users/akima/workspace/rails/railties/lib/rails/rack/log_tailer.rb:14:in `call'
  /Users/akima/.rvm/gems/ruby-1.9.2-head/gems/rack-1.3.6/lib/rack/handler/webrick.rb:59:in `service'
  /Users/akima/.rvm/rubies/ruby-1.9.2-head/lib/ruby/1.9.1/webrick/httpserver.rb:111:in `service'
  /Users/akima/.rvm/rubies/ruby-1.9.2-head/lib/ruby/1.9.1/webrick/httpserver.rb:70:in `run'
  /Users/akima/.rvm/rubies/ruby-1.9.2-head/lib/ruby/1.9.1/webrick/server.rb:183:in `block in start_thread'


Started GET "/tests/foo?idx=3" for 127.0.0.1 at 2012-01-13 09:55:57 +0900
  Processing by TestsController#foo as HTML
  Parameters: {"idx"=>"3"}
Rendered text template (0.0ms)
Completed 200 OK in 2ms (Views: 1.7ms | ActiveRecord: 0.0ms)
ActiveRecord::ConnectionAdapters::ConnectionManagement::Proxy#close
  /Users/akima/.rvm/gems/ruby-1.9.2-head/gems/rack-1.3.6/lib/rack/handler/webrick.rb:75:in `service'
  /Users/akima/.rvm/rubies/ruby-1.9.2-head/lib/ruby/1.9.1/webrick/httpserver.rb:111:in `service'
  /Users/akima/.rvm/rubies/ruby-1.9.2-head/lib/ruby/1.9.1/webrick/httpserver.rb:70:in `run'
  /Users/akima/.rvm/rubies/ruby-1.9.2-head/lib/ruby/1.9.1/webrick/server.rb:183:in `block in start_thread'
ActionDispatch::Reloader.cleanup!
  /Users/akima/workspace/rails/actionpack/lib/action_dispatch/middleware/reloader.rb:84:in `close'
  /Users/akima/.rvm/gems/ruby-1.9.2-head/gems/rack-1.3.6/lib/rack/body_proxy.rb:14:in `close'
  /Users/akima/.rvm/gems/ruby-1.9.2-head/gems/rack-1.3.6/lib/rack/handler/webrick.rb:75:in `service'
  /Users/akima/.rvm/rubies/ruby-1.9.2-head/lib/ruby/1.9.1/webrick/httpserver.rb:111:in `service'
  /Users/akima/.rvm/rubies/ruby-1.9.2-head/lib/ruby/1.9.1/webrick/httpserver.rb:70:in `run'
  /Users/akima/.rvm/rubies/ruby-1.9.2-head/lib/ruby/1.9.1/webrick/server.rb:183:in `block in start_thread'
ActionDispatch::Reloader#initialize(nil)
  /Users/akima/workspace/rails/actionpack/lib/action_dispatch/middleware/reloader.rb:55:in `new'
  /Users/akima/workspace/rails/actionpack/lib/action_dispatch/middleware/reloader.rb:55:in `cleanup!'
  /Users/akima/workspace/rails/actionpack/lib/action_dispatch/middleware/reloader.rb:84:in `close'
  /Users/akima/.rvm/gems/ruby-1.9.2-head/gems/rack-1.3.6/lib/rack/body_proxy.rb:14:in `close'
  /Users/akima/.rvm/gems/ruby-1.9.2-head/gems/rack-1.3.6/lib/rack/handler/webrick.rb:75:in `service'
  /Users/akima/.rvm/rubies/ruby-1.9.2-head/lib/ruby/1.9.1/webrick/httpserver.rb:111:in `service'
  /Users/akima/.rvm/rubies/ruby-1.9.2-head/lib/ruby/1.9.1/webrick/httpserver.rb:70:in `run'
  /Users/akima/.rvm/rubies/ruby-1.9.2-head/lib/ruby/1.9.1/webrick/server.rb:183:in `block in start_thread'
Exiting
